make: Entering directory `/var/www/html/node_modules/socket.io/node_modules/engine.io/node_modules/uws/build'
  CXX(target) Release/obj.target/uws/src/Extensions.o
  CXX(target) Release/obj.target/uws/src/Group.o
In file included from ../src/Group.cpp:2:0:
../src/Hub.h:21:33: warning: missing initializer for member ‘z_stream_s::next_in’ [-Wmissing-field-initializers]
     z_stream inflationStream = {};
                                 ^
../src/Hub.h:21:33: warning: missing initializer for member ‘z_stream_s::avail_in’ [-Wmissing-field-initializers]
../src/Hub.h:21:33: warning: missing initializer for member ‘z_stream_s::total_in’ [-Wmissing-field-initializers]
../src/Hub.h:21:33: warning: missing initializer for member ‘z_stream_s::next_out’ [-Wmissing-field-initializers]
../src/Hub.h:21:33: warning: missing initializer for member ‘z_stream_s::avail_out’ [-Wmissing-field-initializers]
../src/Hub.h:21:33: warning: missing initializer for member ‘z_stream_s::total_out’ [-Wmissing-field-initializers]
../src/Hub.h:21:33: warning: missing initializer for member ‘z_stream_s::msg’ [-Wmissing-field-initializers]
../src/Hub.h:21:33: warning: missing initializer for member ‘z_stream_s::state’ [-Wmissing-field-initializers]
../src/Hub.h:21:33: warning: missing initializer for member ‘z_stream_s::zalloc’ [-Wmissing-field-initializers]
../src/Hub.h:21:33: warning: missing initializer for member ‘z_stream_s::zfree’ [-Wmissing-field-initializers]
../src/Hub.h:21:33: warning: missing initializer for member ‘z_stream_s::opaque’ [-Wmissing-field-initializers]
../src/Hub.h:21:33: warning: missing initializer for member ‘z_stream_s::data_type’ [-Wmissing-field-initializers]
../src/Hub.h:21:33: warning: missing initializer for member ‘z_stream_s::adler’ [-Wmissing-field-initializers]
../src/Hub.h:21:33: warning: missing initializer for member ‘z_stream_s::reserved’ [-Wmissing-field-initializers]
  CXX(target) Release/obj.target/uws/src/Networking.o
  CXX(target) Release/obj.target/uws/src/Hub.o
In file included from ../src/Hub.cpp:1:0:
../src/Hub.h:21:33: warning: missing initializer for member ‘z_stream_s::next_in’ [-Wmissing-field-initializers]
     z_stream inflationStream = {};
                                 ^
../src/Hub.h:21:33: warning: missing initializer for member ‘z_stream_s::avail_in’ [-Wmissing-field-initializers]
../src/Hub.h:21:33: warning: missing initializer for member ‘z_stream_s::total_in’ [-Wmissing-field-initializers]
../src/Hub.h:21:33: warning: missing initializer for member ‘z_stream_s::next_out’ [-Wmissing-field-initializers]
../src/Hub.h:21:33: warning: missing initializer for member ‘z_stream_s::avail_out’ [-Wmissing-field-initializers]
../src/Hub.h:21:33: warning: missing initializer for member ‘z_stream_s::total_out’ [-Wmissing-field-initializers]
../src/Hub.h:21:33: warning: missing initializer for member ‘z_stream_s::msg’ [-Wmissing-field-initializers]
../src/Hub.h:21:33: warning: missing initializer for member ‘z_stream_s::state’ [-Wmissing-field-initializers]
../src/Hub.h:21:33: warning: missing initializer for member ‘z_stream_s::zalloc’ [-Wmissing-field-initializers]
../src/Hub.h:21:33: warning: missing initializer for member ‘z_stream_s::zfree’ [-Wmissing-field-initializers]
../src/Hub.h:21:33: warning: missing initializer for member ‘z_stream_s::opaque’ [-Wmissing-field-initializers]
../src/Hub.h:21:33: warning: missing initializer for member ‘z_stream_s::data_type’ [-Wmissing-field-initializers]
../src/Hub.h:21:33: warning: missing initializer for member ‘z_stream_s::adler’ [-Wmissing-field-initializers]
../src/Hub.h:21:33: warning: missing initializer for member ‘z_stream_s::reserved’ [-Wmissing-field-initializers]
In file included from ../src/Backend.h:9:0,
                 from ../src/Networking.h:69,
                 from ../src/WebSocketProtocol.h:5,
                 from ../src/WebSocket.h:4,
                 from ../src/Group.h:4,
                 from ../src/Hub.h:4,
                 from ../src/Hub.cpp:1:
../src/Libuv.h: In member function ‘void uWS::Hub::upgrade(uv_os_sock_t, const char*, SSL*, const char*, size_t, const char*, size_t, uWS::Group<true>*)’:
../src/Libuv.h:103:22: warning: ‘s.Poll::cb’ may be used uninitialized in this function [-Wmaybe-uninitialized]
         cb = other.cb;
                      ^
../src/Hub.cpp:159:16: note: ‘s.Poll::cb’ was declared here
     uS::Socket s((uS::NodeData *) serverGroup, serverGroup->loop, fd, ssl);
                ^
  CXX(target) Release/obj.target/uws/src/Node.o
  CXX(target) Release/obj.target/uws/src/WebSocket.o
In file included from ../src/WebSocket.cpp:3:0:
../src/Hub.h:21:33: warning: missing initializer for member ‘z_stream_s::next_in’ [-Wmissing-field-initializers]
     z_stream inflationStream = {};
                                 ^
../src/Hub.h:21:33: warning: missing initializer for member ‘z_stream_s::avail_in’ [-Wmissing-field-initializers]
../src/Hub.h:21:33: warning: missing initializer for member ‘z_stream_s::total_in’ [-Wmissing-field-initializers]
../src/Hub.h:21:33: warning: missing initializer for member ‘z_stream_s::next_out’ [-Wmissing-field-initializers]
../src/Hub.h:21:33: warning: missing initializer for member ‘z_stream_s::avail_out’ [-Wmissing-field-initializers]
../src/Hub.h:21:33: warning: missing initializer for member ‘z_stream_s::total_out’ [-Wmissing-field-initializers]
../src/Hub.h:21:33: warning: missing initializer for member ‘z_stream_s::msg’ [-Wmissing-field-initializers]
../src/Hub.h:21:33: warning: missing initializer for member ‘z_stream_s::state’ [-Wmissing-field-initializers]
../src/Hub.h:21:33: warning: missing initializer for member ‘z_stream_s::zalloc’ [-Wmissing-field-initializers]
../src/Hub.h:21:33: warning: missing initializer for member ‘z_stream_s::zfree’ [-Wmissing-field-initializers]
../src/Hub.h:21:33: warning: missing initializer for member ‘z_stream_s::opaque’ [-Wmissing-field-initializers]
../src/Hub.h:21:33: warning: missing initializer for member ‘z_stream_s::data_type’ [-Wmissing-field-initializers]
../src/Hub.h:21:33: warning: missing initializer for member ‘z_stream_s::adler’ [-Wmissing-field-initializers]
../src/Hub.h:21:33: warning: missing initializer for member ‘z_stream_s::reserved’ [-Wmissing-field-initializers]
In file included from ../src/WebSocket.h:4:0,
                 from ../src/WebSocket.cpp:1:
../src/WebSocketProtocol.h: In instantiation of ‘static uWS::WebSocketProtocol<isServer, Impl>::CloseFrame uWS::WebSocketProtocol<isServer, Impl>::parseClosePayload(char*, size_t) [with bool isServer = true; Impl = uWS::WebSocket<true>; size_t = long unsigned int]’:
../src/WebSocket.cpp:351:180:   required from ‘static bool uWS::WebSocket<isServer>::handleFragment(char*, size_t, unsigned int, int, bool, uWS::WebSocketState<isServer>*) [with bool isServer = true; size_t = long unsigned int]’
../src/WebSocket.cpp:402:17:   required from here
../src/WebSocketProtocol.h:257:26: warning: missing initializer for member ‘uWS::WebSocketProtocol<true, uWS::WebSocket<true> >::CloseFrame::code’ [-Wmissing-field-initializers]
         CloseFrame cf = {};
                          ^
../src/WebSocketProtocol.h:257:26: warning: missing initializer for member ‘uWS::WebSocketProtocol<true, uWS::WebSocket<true> >::CloseFrame::message’ [-Wmissing-field-initializers]
../src/WebSocketProtocol.h:257:26: warning: missing initializer for member ‘uWS::WebSocketProtocol<true, uWS::WebSocket<true> >::CloseFrame::length’ [-Wmissing-field-initializers]
../src/WebSocketProtocol.h:263:25: warning: missing initializer for member ‘uWS::WebSocketProtocol<true, uWS::WebSocket<true> >::CloseFrame::code’ [-Wmissing-field-initializers]
                 return {};
                         ^
../src/WebSocketProtocol.h:263:25: warning: missing initializer for member ‘uWS::WebSocketProtocol<true, uWS::WebSocket<true> >::CloseFrame::message’ [-Wmissing-field-initializers]
../src/WebSocketProtocol.h:263:25: warning: missing initializer for member ‘uWS::WebSocketProtocol<true, uWS::WebSocket<true> >::CloseFrame::length’ [-Wmissing-field-initializers]
../src/WebSocketProtocol.h: In instantiation of ‘static uWS::WebSocketProtocol<isServer, Impl>::CloseFrame uWS::WebSocketProtocol<isServer, Impl>::parseClosePayload(char*, size_t) [with bool isServer = false; Impl = uWS::WebSocket<false>; size_t = long unsigned int]’:
../src/WebSocket.cpp:351:180:   required from ‘static bool uWS::WebSocket<isServer>::handleFragment(char*, size_t, unsigned int, int, bool, uWS::WebSocketState<isServer>*) [with bool isServer = false; size_t = long unsigned int]’
../src/WebSocket.cpp:403:17:   required from here
../src/WebSocketProtocol.h:257:26: warning: missing initializer for member ‘uWS::WebSocketProtocol<false, uWS::WebSocket<false> >::CloseFrame::code’ [-Wmissing-field-initializers]
         CloseFrame cf = {};
                          ^
../src/WebSocketProtocol.h:257:26: warning: missing initializer for member ‘uWS::WebSocketProtocol<false, uWS::WebSocket<false> >::CloseFrame::message’ [-Wmissing-field-initializers]
../src/WebSocketProtocol.h:257:26: warning: missing initializer for member ‘uWS::WebSocketProtocol<false, uWS::WebSocket<false> >::CloseFrame::length’ [-Wmissing-field-initializers]
../src/WebSocketProtocol.h:263:25: warning: missing initializer for member ‘uWS::WebSocketProtocol<false, uWS::WebSocket<false> >::CloseFrame::code’ [-Wmissing-field-initializers]
                 return {};
                         ^
../src/WebSocketProtocol.h:263:25: warning: missing initializer for member ‘uWS::WebSocketProtocol<false, uWS::WebSocket<false> >::CloseFrame::message’ [-Wmissing-field-initializers]
../src/WebSocketProtocol.h:263:25: warning: missing initializer for member ‘uWS::WebSocketProtocol<false, uWS::WebSocket<false> >::CloseFrame::length’ [-Wmissing-field-initializers]
  CXX(target) Release/obj.target/uws/src/HTTPSocket.o
  CXX(target) Release/obj.target/uws/src/Socket.o
  CXX(target) Release/obj.target/uws/src/addon.o
In file included from ../src/../src/uWS.h:4:0,
                 from ../src/addon.cpp:1:
../src/../src/Hub.h:21:33: warning: missing initializer for member ‘z_stream_s::next_in’ [-Wmissing-field-initializers]
     z_stream inflationStream = {};
                                 ^
../src/../src/Hub.h:21:33: warning: missing initializer for member ‘z_stream_s::avail_in’ [-Wmissing-field-initializers]
../src/../src/Hub.h:21:33: warning: missing initializer for member ‘z_stream_s::total_in’ [-Wmissing-field-initializers]
../src/../src/Hub.h:21:33: warning: missing initializer for member ‘z_stream_s::next_out’ [-Wmissing-field-initializers]
../src/../src/Hub.h:21:33: warning: missing initializer for member ‘z_stream_s::avail_out’ [-Wmissing-field-initializers]
../src/../src/Hub.h:21:33: warning: missing initializer for member ‘z_stream_s::total_out’ [-Wmissing-field-initializers]
../src/../src/Hub.h:21:33: warning: missing initializer for member ‘z_stream_s::msg’ [-Wmissing-field-initializers]
../src/../src/Hub.h:21:33: warning: missing initializer for member ‘z_stream_s::state’ [-Wmissing-field-initializers]
../src/../src/Hub.h:21:33: warning: missing initializer for member ‘z_stream_s::zalloc’ [-Wmissing-field-initializers]
../src/../src/Hub.h:21:33: warning: missing initializer for member ‘z_stream_s::zfree’ [-Wmissing-field-initializers]
../src/../src/Hub.h:21:33: warning: missing initializer for member ‘z_stream_s::opaque’ [-Wmissing-field-initializers]
../src/../src/Hub.h:21:33: warning: missing initializer for member ‘z_stream_s::data_type’ [-Wmissing-field-initializers]
../src/../src/Hub.h:21:33: warning: missing initializer for member ‘z_stream_s::adler’ [-Wmissing-field-initializers]
../src/../src/Hub.h:21:33: warning: missing initializer for member ‘z_stream_s::reserved’ [-Wmissing-field-initializers]
In file included from ../src/addon.cpp:2:0:
../src/addon.h: In lambda function:
../src/addon.h:20:31: error: no matching function for call to ‘v8::HandleScope::HandleScope(v8::Isolate*&)’
         HandleScope hs(isolate);
                               ^
../src/addon.h:20:31: note: candidates are:
In file included from /usr/include/node/node.h:62:0,
                 from ../src/addon.h:1,
                 from ../src/addon.cpp:2:
/usr/include/node/v8.h:473:3: note: v8::HandleScope::HandleScope(const v8::HandleScope&)
   HandleScope(const HandleScope&);
   ^
/usr/include/node/v8.h:473:3: note:   no known conversion for argument 1 from ‘v8::Isolate*’ to ‘const v8::HandleScope&’
/usr/include/node/v8.h:448:3: note: v8::HandleScope::HandleScope()
   HandleScope();
   ^
/usr/include/node/v8.h:448:3: note:   candidate expects 0 arguments, 1 provided
In file included from ../src/addon.cpp:2:0:
../src/addon.h:21:46: error: ‘class v8::Isolate’ has no member named ‘GetCurrentContext’
         node::MakeCallback(isolate, isolate->GetCurrentContext()->Global(), Local<Function>::New(isolate, noop), 0, nullptr);
                                              ^
../src/addon.h:21:111: error: no matching function for call to ‘v8::Local<v8::Function>::New(v8::Isolate*&, v8::Persistent<v8::Function>&)’
         node::MakeCallback(isolate, isolate->GetCurrentContext()->Global(), Local<Function>::New(isolate, noop), 0, nullptr);
                                                                                                               ^
../src/addon.h:21:111: note: candidate is:
In file included from /usr/include/node/node.h:62:0,
                 from ../src/addon.h:1,
                 from ../src/addon.cpp:2:
/usr/include/node/v8.h:4212:10: note: static v8::Local<T> v8::Local<T>::New(v8::Handle<T>) [with T = v8::Function]
 Local<T> Local<T>::New(Handle<T> that) {
          ^
/usr/include/node/v8.h:4212:10: note:   candidate expects 1 argument, 2 provided
In file included from ../src/addon.cpp:2:0:
../src/addon.h: In function ‘void registerCheck(v8::Isolate*)’:
../src/addon.h:22:6: error: invalid user-defined conversion from ‘registerCheck(v8::Isolate*)::__lambda7’ to ‘uv_check_cb {aka void (*)(uv_check_s*, int)}’ [-fpermissive]
     });
      ^
../src/addon.h:18:48: note: candidate is: registerCheck(v8::Isolate*)::__lambda7::operator void (*)(uv_check_t*)() const <near match>
     uv_check_start(&check, [](uv_check_t *check) {
                                                ^
../src/addon.h:18:48: note:   no known conversion for implicit ‘this’ parameter from ‘void (*)(uv_check_t*) {aka void (*)(uv_check_s*)}’ to ‘uv_check_cb {aka void (*)(uv_check_s*, int)}’
../src/addon.h: In constructor ‘NativeString::NativeString(const v8::Local<v8::Value>&)’:
../src/addon.h:43:27: error: ‘class v8::Value’ has no member named ‘IsTypedArray’
         } else if (value->IsTypedArray()) {
                           ^
../src/addon.h:44:19: error: ‘ArrayBufferView’ was not declared in this scope
             Local<ArrayBufferView> arrayBufferView = Local<ArrayBufferView>::Cast(value);
                   ^
../src/addon.h:44:34: error: template argument 1 is invalid
             Local<ArrayBufferView> arrayBufferView = Local<ArrayBufferView>::Cast(value);
                                  ^
../src/addon.h:44:52: error: invalid type in declaration before ‘=’ token
             Local<ArrayBufferView> arrayBufferView = Local<ArrayBufferView>::Cast(value);
                                                    ^
../src/addon.h:44:60: error: the value of ‘ArrayBufferView’ is not usable in a constant expression
             Local<ArrayBufferView> arrayBufferView = Local<ArrayBufferView>::Cast(value);
                                                            ^
../src/addon.h:44:19: note: ‘ArrayBufferView’ was not declared ‘constexpr’
             Local<ArrayBufferView> arrayBufferView = Local<ArrayBufferView>::Cast(value);
                   ^
../src/addon.h:44:75: error: type/value mismatch at argument 1 in template parameter list for ‘template<class T> class v8::Local’
             Local<ArrayBufferView> arrayBufferView = Local<ArrayBufferView>::Cast(value);
                                                                           ^
../src/addon.h:44:75: error:   expected a type, got ‘ArrayBufferView’
../src/addon.h:45:13: error: ‘ArrayBuffer’ has not been declared
             ArrayBuffer::Contents contents = arrayBufferView->Buffer()->GetContents();
             ^
../src/addon.h:45:35: error: expected ‘;’ before ‘contents’
             ArrayBuffer::Contents contents = arrayBufferView->Buffer()->GetContents();
                                   ^
../src/addon.h:46:22: error: ‘contents’ was not declared in this scope
             length = contents.ByteLength();
                      ^
../src/addon.h:44:36: warning: unused variable ‘arrayBufferView’ [-Wunused-variable]
             Local<ArrayBufferView> arrayBufferView = Local<ArrayBufferView>::Cast(value);
                                    ^
../src/addon.h:48:27: error: ‘class v8::Value’ has no member named ‘IsArrayBuffer’
         } else if (value->IsArrayBuffer()) {
                           ^
../src/addon.h:49:19: error: ‘ArrayBuffer’ was not declared in this scope
             Local<ArrayBuffer> arrayBuffer = Local<ArrayBuffer>::Cast(value);
                   ^
../src/addon.h:49:30: error: template argument 1 is invalid
             Local<ArrayBuffer> arrayBuffer = Local<ArrayBuffer>::Cast(value);
                              ^
../src/addon.h:49:44: error: invalid type in declaration before ‘=’ token
             Local<ArrayBuffer> arrayBuffer = Local<ArrayBuffer>::Cast(value);
                                            ^
../src/addon.h:49:52: error: the value of ‘ArrayBuffer’ is not usable in a constant expression
             Local<ArrayBuffer> arrayBuffer = Local<ArrayBuffer>::Cast(value);
                                                    ^
../src/addon.h:49:19: note: ‘ArrayBuffer’ was not declared ‘constexpr’
             Local<ArrayBuffer> arrayBuffer = Local<ArrayBuffer>::Cast(value);
                   ^
../src/addon.h:49:63: error: type/value mismatch at argument 1 in template parameter list for ‘template<class T> class v8::Local’
             Local<ArrayBuffer> arrayBuffer = Local<ArrayBuffer>::Cast(value);
                                                               ^
../src/addon.h:49:63: error:   expected a type, got ‘ArrayBuffer’
../src/addon.h:50:13: error: ‘ArrayBuffer’ is not a class, namespace, or enumeration
             ArrayBuffer::Contents contents = arrayBuffer->GetContents();
             ^
../src/addon.h:50:35: error: expected ‘;’ before ‘contents’
             ArrayBuffer::Contents contents = arrayBuffer->GetContents();
                                   ^
../src/addon.h:51:22: error: ‘contents’ was not declared in this scope
             length = contents.ByteLength();
                      ^
../src/addon.h:49:32: warning: unused variable ‘arrayBuffer’ [-Wunused-variable]
             Local<ArrayBuffer> arrayBuffer = Local<ArrayBuffer>::Cast(value);
                                ^
../src/addon.h: At global scope:
../src/addon.h:78:24: error: ‘FunctionCallbackInfo’ does not name a type
 void createGroup(const FunctionCallbackInfo<Value> &args) {
                        ^
../src/addon.h:78:24: error: ISO C++ forbids declaration of ‘parameter’ with no type [-fpermissive]
../src/addon.h:78:44: error: expected ‘,’ or ‘...’ before ‘<’ token
 void createGroup(const FunctionCallbackInfo<Value> &args) {
                                            ^
../src/addon.h: In function ‘void createGroup(int)’:
../src/addon.h:79:61: error: ‘args’ was not declared in this scope
     uWS::Group<isServer> *group = hub.createGroup<isServer>(args[0]->IntegerValue(), args[1]->IntegerValue());
                                                             ^
../src/addon.h: At global scope:
../src/addon.h:85:24: error: ‘FunctionCallbackInfo’ does not name a type
 void deleteGroup(const FunctionCallbackInfo<Value> &args) {
                        ^
../src/addon.h:85:24: error: ISO C++ forbids declaration of ‘parameter’ with no type [-fpermissive]
../src/addon.h:85:44: error: expected ‘,’ or ‘...’ before ‘<’ token
 void deleteGroup(const FunctionCallbackInfo<Value> &args) {
                                            ^
../src/addon.h: In function ‘void deleteGroup(int)’:
../src/addon.h:86:60: error: ‘args’ was not declared in this scope
     uWS::Group<isServer> *group = (uWS::Group<isServer> *) args[0].As<External>()->Value();
                                                            ^
../src/addon.h:86:79: error: expected primary-expression before ‘>’ token
     uWS::Group<isServer> *group = (uWS::Group<isServer> *) args[0].As<External>()->Value();
                                                                               ^
../src/addon.h:86:81: error: expected primary-expression before ‘)’ token
     uWS::Group<isServer> *group = (uWS::Group<isServer> *) args[0].As<External>()->Value();
                                                                                 ^
../src/addon.h: In function ‘v8::Local<v8::Value> wrapMessage(const char*, size_t, uWS::OpCode, v8::Isolate*)’:
../src/addon.h:102:59: error: ‘ArrayBuffer’ has not been declared
     return opCode == uWS::OpCode::BINARY ? (Local<Value>) ArrayBuffer::New(isolate, (char *) message, length) : (Local<Value>) String::NewFromUtf8(isolate, message, String::kNormalString, length);
                                                           ^
In file included from ../src/addon.cpp:2:0:
../src/addon.h:102:128: error: ‘NewFromUtf8’ is not a member of ‘v8::String’
     return opCode == uWS::OpCode::BINARY ? (Local<Value>) ArrayBuffer::New(isolate, (char *) message, length) : (Local<Value>) String::NewFromUtf8(isolate, message, String::kNormalString, length);
                                                                                                                                ^
../src/addon.h:102:166: error: ‘kNormalString’ is not a member of ‘v8::String’
     return opCode == uWS::OpCode::BINARY ? (Local<Value>) ArrayBuffer::New(isolate, (char *) message, length) : (Local<Value>) String::NewFromUtf8(isolate, message, String::kNormalString, length);
                                                                                                                                                                      ^
../src/addon.h: In function ‘v8::Local<v8::Value> getDataV8(uWS::WebSocket<isServer>*, v8::Isolate*)’:
../src/addon.h:107:113: error: no matching function for call to ‘v8::Local<v8::Value>::New(v8::Isolate*&, v8::Persistent<v8::Value>&)’
     return webSocket->getUserData() ? Local<Value>::New(isolate, *(Persistent<Value> *) webSocket->getUserData()) : Local<Value>::Cast(Undefined(isolate));
                                                                                                                 ^
../src/addon.h:107:113: note: candidate is:
In file included from /usr/include/node/node.h:62:0,
                 from ../src/addon.h:1,
                 from ../src/addon.cpp:2:
/usr/include/node/v8.h:4212:10: note: static v8::Local<T> v8::Local<T>::New(v8::Handle<T>) [with T = v8::Value]
 Local<T> Local<T>::New(Handle<T> that) {
          ^
/usr/include/node/v8.h:4212:10: note:   candidate expects 1 argument, 2 provided
In file included from ../src/addon.cpp:2:0:
../src/addon.h:107:154: error: no matching function for call to ‘v8::Local<v8::Value>::Cast(v8::Handle<v8::Primitive>)’
     return webSocket->getUserData() ? Local<Value>::New(isolate, *(Persistent<Value> *) webSocket->getUserData()) : Local<Value>::Cast(Undefined(isolate));
                                                                                                                                                          ^
../src/addon.h:107:154: note: candidate is:
In file included from /usr/include/node/node.h:62:0,
                 from ../src/addon.h:1,
                 from ../src/addon.cpp:2:
/usr/include/node/v8.h:282:45: note: template<class S> static v8::Local<T> v8::Local<T>::Cast(v8::Local<S>) [with S = S; T = v8::Value]
   template <class S> static inline Local<T> Cast(Local<S> that) {
                                             ^
/usr/include/node/v8.h:282:45: note:   template argument deduction/substitution failed:
In file included from ../src/addon.cpp:2:0:
../src/addon.h:107:154: note:   ‘v8::Handle<v8::Primitive>’ is not derived from ‘v8::Local<T>’
     return webSocket->getUserData() ? Local<Value>::New(isolate, *(Persistent<Value> *) webSocket->getUserData()) : Local<Value>::Cast(Undefined(isolate));
                                                                                                                                                          ^
../src/addon.h: At global scope:
../src/addon.h:111:24: error: ‘FunctionCallbackInfo’ does not name a type
 void getUserData(const FunctionCallbackInfo<Value> &args) {
                        ^
../src/addon.h:111:24: error: ISO C++ forbids declaration of ‘parameter’ with no type [-fpermissive]
../src/addon.h:111:44: error: expected ‘,’ or ‘...’ before ‘<’ token
 void getUserData(const FunctionCallbackInfo<Value> &args) {
                                            ^
../src/addon.h: In function ‘void getUserData(int)’:
../src/addon.h:112:5: error: ‘args’ was not declared in this scope
     args.GetReturnValue().Set(getDataV8(unwrapSocket<isServer>(args[0].As<External>()), args.GetIsolate()));
     ^
../src/addon.h:112:83: error: expected primary-expression before ‘>’ token
     args.GetReturnValue().Set(getDataV8(unwrapSocket<isServer>(args[0].As<External>()), args.GetIsolate()));
                                                                                   ^
../src/addon.h:112:85: error: expected primary-expression before ‘)’ token
     args.GetReturnValue().Set(getDataV8(unwrapSocket<isServer>(args[0].As<External>()), args.GetIsolate()));
                                                                                     ^
../src/addon.h: At global scope:
../src/addon.h:116:26: error: ‘FunctionCallbackInfo’ does not name a type
 void clearUserData(const FunctionCallbackInfo<Value> &args) {
                          ^
../src/addon.h:116:26: error: ISO C++ forbids declaration of ‘parameter’ with no type [-fpermissive]
../src/addon.h:116:46: error: expected ‘,’ or ‘...’ before ‘<’ token
 void clearUserData(const FunctionCallbackInfo<Value> &args) {
                                              ^
../src/addon.h: In function ‘void clearUserData(int)’:
../src/addon.h:117:66: error: ‘args’ was not declared in this scope
     uWS::WebSocket<isServer> *webSocket = unwrapSocket<isServer>(args[0].As<External>());
                                                                  ^
../src/addon.h:117:85: error: expected primary-expression before ‘>’ token
     uWS::WebSocket<isServer> *webSocket = unwrapSocket<isServer>(args[0].As<External>());
                                                                                     ^
../src/addon.h:117:87: error: expected primary-expression before ‘)’ token
     uWS::WebSocket<isServer> *webSocket = unwrapSocket<isServer>(args[0].As<External>());
                                                                                       ^
../src/addon.h:118:55: error: ‘class v8::Persistent<v8::Value>’ has no member named ‘Reset’
     ((Persistent<Value> *) webSocket->getUserData())->Reset();
                                                       ^
../src/addon.h: At global scope:
../src/addon.h:123:24: error: ‘FunctionCallbackInfo’ does not name a type
 void setUserData(const FunctionCallbackInfo<Value> &args) {
                        ^
../src/addon.h:123:24: error: ISO C++ forbids declaration of ‘parameter’ with no type [-fpermissive]
../src/addon.h:123:44: error: expected ‘,’ or ‘...’ before ‘<’ token
 void setUserData(const FunctionCallbackInfo<Value> &args) {
                                            ^
../src/addon.h: In function ‘void setUserData(int)’:
../src/addon.h:124:66: error: ‘args’ was not declared in this scope
     uWS::WebSocket<isServer> *webSocket = unwrapSocket<isServer>(args[0].As<External>());
                                                                  ^
../src/addon.h:124:85: error: expected primary-expression before ‘>’ token
     uWS::WebSocket<isServer> *webSocket = unwrapSocket<isServer>(args[0].As<External>());
                                                                                     ^
../src/addon.h:124:87: error: expected primary-expression before ‘)’ token
     uWS::WebSocket<isServer> *webSocket = unwrapSocket<isServer>(args[0].As<External>());
                                                                                       ^
../src/addon.h:126:59: error: ‘class v8::Persistent<v8::Value>’ has no member named ‘Reset’
         ((Persistent<Value> *) webSocket->getUserData())->Reset(args.GetIsolate(), args[1]);
                                                           ^
../src/addon.h: At global scope:
../src/addon.h:133:23: error: ‘FunctionCallbackInfo’ does not name a type
 void getAddress(const FunctionCallbackInfo<Value> &args)
                       ^
../src/addon.h:133:23: error: ISO C++ forbids declaration of ‘parameter’ with no type [-fpermissive]
../src/addon.h:133:43: error: expected ‘,’ or ‘...’ before ‘<’ token
 void getAddress(const FunctionCallbackInfo<Value> &args)
                                           ^
../src/addon.h: In function ‘void getAddress(int)’:
../src/addon.h:135:81: error: ‘args’ was not declared in this scope
     typename uWS::WebSocket<isServer>::Address address = unwrapSocket<isServer>(args[0].As<External>())->getAddress();
                                                                                 ^
../src/addon.h:135:100: error: expected primary-expression before ‘>’ token
     typename uWS::WebSocket<isServer>::Address address = unwrapSocket<isServer>(args[0].As<External>())->getAddress();
                                                                                                    ^
../src/addon.h:135:102: error: expected primary-expression before ‘)’ token
     typename uWS::WebSocket<isServer>::Address address = unwrapSocket<isServer>(args[0].As<External>())->getAddress();
                                                                                                      ^
../src/addon.h:138:19: error: ‘NewFromUtf8’ is not a member of ‘v8::String’
     array->Set(1, String::NewFromUtf8(args.GetIsolate(), address.address));
                   ^
../src/addon.h:139:19: error: ‘NewFromUtf8’ is not a member of ‘v8::String’
     array->Set(2, String::NewFromUtf8(args.GetIsolate(), address.family));
                   ^
../src/addon.h: In function ‘void sendCallback(uWS::WebSocket<isServer>*, void*, bool, void*)’:
../src/addon.h:163:54: error: ‘class v8::Isolate’ has no member named ‘GetCurrentContext’
         node::MakeCallback(sc->isolate, sc->isolate->GetCurrentContext()->Global(), Local<Function>::New(sc->isolate, sc->jsCallback), 0, nullptr);
                                                      ^
../src/addon.h:163:133: error: no matching function for call to ‘v8::Local<v8::Function>::New(v8::Isolate*&, v8::Persistent<v8::Function>&)’
         node::MakeCallback(sc->isolate, sc->isolate->GetCurrentContext()->Global(), Local<Function>::New(sc->isolate, sc->jsCallback), 0, nullptr);
                                                                                                                                     ^
../src/addon.h:163:133: note: candidate is:
In file included from /usr/include/node/node.h:62:0,
                 from ../src/addon.h:1,
                 from ../src/addon.cpp:2:
/usr/include/node/v8.h:4212:10: note: static v8::Local<T> v8::Local<T>::New(v8::Handle<T>) [with T = v8::Function]
 Local<T> Local<T>::New(Handle<T> that) {
          ^
/usr/include/node/v8.h:4212:10: note:   candidate expects 1 argument, 2 provided
In file included from ../src/addon.cpp:2:0:
../src/addon.h:165:20: error: ‘class v8::Persistent<v8::Function>’ has no member named ‘Reset’
     sc->jsCallback.Reset();
                    ^
../src/addon.h: At global scope:
../src/addon.h:170:17: error: ‘FunctionCallbackInfo’ does not name a type
 void send(const FunctionCallbackInfo<Value> &args)
                 ^
../src/addon.h:170:17: error: ISO C++ forbids declaration of ‘parameter’ with no type [-fpermissive]
../src/addon.h:170:37: error: expected ‘,’ or ‘...’ before ‘<’ token
 void send(const FunctionCallbackInfo<Value> &args)
                                     ^
../src/addon.h: In function ‘void send(int)’:
../src/addon.h:172:40: error: ‘args’ was not declared in this scope
     uWS::OpCode opCode = (uWS::OpCode) args[2]->IntegerValue();
                                        ^
../src/addon.h:181:24: error: ‘class v8::Persistent<v8::Function>’ has no member named ‘Reset’
         sc->jsCallback.Reset(args.GetIsolate(), Local<Function>::Cast(args[3]));
                        ^
../src/addon.h:185:47: error: expected primary-expression before ‘>’ token
     unwrapSocket<isServer>(args[0].As<External>())->send(nativeString.getData(),
                                               ^
../src/addon.h:185:49: error: expected primary-expression before ‘)’ token
     unwrapSocket<isServer>(args[0].As<External>())->send(nativeString.getData(),
                                                 ^
../src/addon.h: At global scope:
../src/addon.h:189:20: error: ‘FunctionCallbackInfo’ does not name a type
 void connect(const FunctionCallbackInfo<Value> &args) {
                    ^
../src/addon.h:189:20: error: ISO C++ forbids declaration of ‘parameter’ with no type [-fpermissive]
../src/addon.h:189:40: error: expected ‘,’ or ‘...’ before ‘<’ token
 void connect(const FunctionCallbackInfo<Value> &args) {
                                        ^
../src/addon.h: In function ‘void connect(int)’:
../src/addon.h:190:72: error: ‘args’ was not declared in this scope
     uWS::Group<uWS::CLIENT> *clientGroup = (uWS::Group<uWS::CLIENT> *) args[0].As<External>()->Value();
                                                                        ^
../src/addon.h:190:91: error: expected primary-expression before ‘>’ token
     uWS::Group<uWS::CLIENT> *clientGroup = (uWS::Group<uWS::CLIENT> *) args[0].As<External>()->Value();
                                                                                           ^
../src/addon.h:190:93: error: expected primary-expression before ‘)’ token
     uWS::Group<uWS::CLIENT> *clientGroup = (uWS::Group<uWS::CLIENT> *) args[0].As<External>()->Value();
                                                                                             ^
../src/addon.h: At global scope:
../src/addon.h:200:20: error: ‘FunctionCallbackInfo’ does not name a type
 void upgrade(const FunctionCallbackInfo<Value> &args) {
                    ^
../src/addon.h:200:20: error: ISO C++ forbids declaration of ‘parameter’ with no type [-fpermissive]
../src/addon.h:200:40: error: expected ‘,’ or ‘...’ before ‘<’ token
 void upgrade(const FunctionCallbackInfo<Value> &args) {
                                        ^
../src/addon.h: In function ‘void upgrade(int)’:
../src/addon.h:201:72: error: ‘args’ was not declared in this scope
     uWS::Group<uWS::SERVER> *serverGroup = (uWS::Group<uWS::SERVER> *) args[0].As<External>()->Value();
                                                                        ^
../src/addon.h:201:91: error: expected primary-expression before ‘>’ token
     uWS::Group<uWS::SERVER> *serverGroup = (uWS::Group<uWS::SERVER> *) args[0].As<External>()->Value();
                                                                                           ^
../src/addon.h:201:93: error: expected primary-expression before ‘)’ token
     uWS::Group<uWS::SERVER> *serverGroup = (uWS::Group<uWS::SERVER> *) args[0].As<External>()->Value();
                                                                                             ^
../src/addon.h:202:52: error: expected primary-expression before ‘>’ token
     Ticket *ticket = (Ticket *) args[1].As<External>()->Value();
                                                    ^
../src/addon.h:202:54: error: expected primary-expression before ‘)’ token
     Ticket *ticket = (Ticket *) args[1].As<External>()->Value();
                                                      ^
../src/addon.h: At global scope:
../src/addon.h:218:21: error: ‘FunctionCallbackInfo’ does not name a type
 void transfer(const FunctionCallbackInfo<Value> &args) {
                     ^
../src/addon.h:218:21: error: ISO C++ forbids declaration of ‘parameter’ with no type [-fpermissive]
../src/addon.h:218:41: error: expected ‘,’ or ‘...’ before ‘<’ token
 void transfer(const FunctionCallbackInfo<Value> &args) {
                                         ^
../src/addon.h: In function ‘void transfer(int)’:
../src/addon.h:222:9: error: ‘args’ was not declared in this scope
     if (args[0]->IsObject()) {
         ^
../src/addon.h:223:105: error: ‘uv_os_fd_t’ was not declared in this scope
         uv_fileno((handle = getTcpHandle(args[0]->ToObject()->GetAlignedPointerFromInternalField(0))), (uv_os_fd_t *) &ticket->fd);
                                                                                                         ^
../src/addon.h:223:117: error: expected primary-expression before ‘)’ token
         uv_fileno((handle = getTcpHandle(args[0]->ToObject()->GetAlignedPointerFromInternalField(0))), (uv_os_fd_t *) &ticket->fd);
                                                                                                                     ^
../src/addon.h:223:130: error: ‘uv_fileno’ was not declared in this scope
         uv_fileno((handle = getTcpHandle(args[0]->ToObject()->GetAlignedPointerFromInternalField(0))), (uv_os_fd_t *) &ticket->fd);
                                                                                                                                  ^
../src/addon.h:230:9: error: ‘args’ was not declared in this scope
     if (args[1]->IsExternal()) {
         ^
../src/addon.h:231:50: error: expected primary-expression before ‘>’ token
         ticket->ssl = (SSL *) args[1].As<External>()->Value();
                                                  ^
../src/addon.h:231:52: error: expected primary-expression before ‘)’ token
         ticket->ssl = (SSL *) args[1].As<External>()->Value();
                                                    ^
../src/addon.h:241:5: error: ‘args’ was not declared in this scope
     args.GetReturnValue().Set(External::New(args.GetIsolate(), ticket));
     ^
../src/addon.h: At global scope:
../src/addon.h:245:25: error: ‘FunctionCallbackInfo’ does not name a type
 void onConnection(const FunctionCallbackInfo<Value> &args) {
                         ^
../src/addon.h:245:25: error: ISO C++ forbids declaration of ‘parameter’ with no type [-fpermissive]
../src/addon.h:245:45: error: expected ‘,’ or ‘...’ before ‘<’ token
 void onConnection(const FunctionCallbackInfo<Value> &args) {
                                             ^
../src/addon.h: In function ‘void onConnection(int)’:
../src/addon.h:246:60: error: ‘args’ was not declared in this scope
     uWS::Group<isServer> *group = (uWS::Group<isServer> *) args[0].As<External>()->Value();
                                                            ^
../src/addon.h:246:79: error: expected primary-expression before ‘>’ token
     uWS::Group<isServer> *group = (uWS::Group<isServer> *) args[0].As<External>()->Value();
                                                                               ^
../src/addon.h:246:81: error: expected primary-expression before ‘)’ token
     uWS::Group<isServer> *group = (uWS::Group<isServer> *) args[0].As<External>()->Value();
                                                                                 ^
../src/addon.h:251:25: error: ‘class v8::Persistent<v8::Function>’ has no member named ‘Reset’
     connectionCallback->Reset(isolate, Local<Function>::Cast(args[1]));
                         ^
../src/addon.h: In lambda function:
../src/addon.h:256:46: error: ‘class v8::Isolate’ has no member named ‘GetCurrentContext’
         node::MakeCallback(isolate, isolate->GetCurrentContext()->Global(), Local<Function>::New(isolate, *connectionCallback), 1, argv);
                                              ^
../src/addon.h:256:126: error: no matching function for call to ‘v8::Local<v8::Function>::New(v8::Isolate* const&, v8::Persistent<v8::Function>&)’
         node::MakeCallback(isolate, isolate->GetCurrentContext()->Global(), Local<Function>::New(isolate, *connectionCallback), 1, argv);
                                                                                                                              ^
../src/addon.h:256:126: note: candidate is:
In file included from /usr/include/node/node.h:62:0,
                 from ../src/addon.h:1,
                 from ../src/addon.cpp:2:
/usr/include/node/v8.h:4212:10: note: static v8::Local<T> v8::Local<T>::New(v8::Handle<T>) [with T = v8::Function]
 Local<T> Local<T>::New(Handle<T> that) {
          ^
/usr/include/node/v8.h:4212:10: note:   candidate expects 1 argument, 2 provided
In file included from ../src/addon.cpp:2:0:
../src/addon.h: At global scope:
../src/addon.h:261:22: error: ‘FunctionCallbackInfo’ does not name a type
 void onMessage(const FunctionCallbackInfo<Value> &args) {
                      ^
../src/addon.h:261:22: error: ISO C++ forbids declaration of ‘parameter’ with no type [-fpermissive]
../src/addon.h:261:42: error: expected ‘,’ or ‘...’ before ‘<’ token
 void onMessage(const FunctionCallbackInfo<Value> &args) {
                                          ^
../src/addon.h: In function ‘void onMessage(int)’:
../src/addon.h:262:60: error: ‘args’ was not declared in this scope
     uWS::Group<isServer> *group = (uWS::Group<isServer> *) args[0].As<External>()->Value();
                                                            ^
../src/addon.h:262:79: error: expected primary-expression before ‘>’ token
     uWS::Group<isServer> *group = (uWS::Group<isServer> *) args[0].As<External>()->Value();
                                                                               ^
../src/addon.h:262:81: error: expected primary-expression before ‘)’ token
     uWS::Group<isServer> *group = (uWS::Group<isServer> *) args[0].As<External>()->Value();
                                                                                 ^
../src/addon.h:267:22: error: ‘class v8::Persistent<v8::Function>’ has no member named ‘Reset’
     messageCallback->Reset(isolate, Local<Function>::Cast(args[1]));
                      ^
../src/addon.h: In lambda function:
../src/addon.h:272:55: error: no matching function for call to ‘v8::Local<v8::Function>::New(v8::Isolate* const&, v8::Persistent<v8::Function>&)’
         Local<Function>::New(isolate, *messageCallback)->Call(isolate->GetCurrentContext()->Global(), 2, argv);
                                                       ^
../src/addon.h:272:55: note: candidate is:
In file included from /usr/include/node/node.h:62:0,
                 from ../src/addon.h:1,
                 from ../src/addon.cpp:2:
/usr/include/node/v8.h:4212:10: note: static v8::Local<T> v8::Local<T>::New(v8::Handle<T>) [with T = v8::Function]
 Local<T> Local<T>::New(Handle<T> that) {
          ^
/usr/include/node/v8.h:4212:10: note:   candidate expects 1 argument, 2 provided
In file included from ../src/addon.cpp:2:0:
../src/addon.h:272:72: error: ‘class v8::Isolate’ has no member named ‘GetCurrentContext’
         Local<Function>::New(isolate, *messageCallback)->Call(isolate->GetCurrentContext()->Global(), 2, argv);
                                                                        ^
../src/addon.h: At global scope:
../src/addon.h:277:19: error: ‘FunctionCallbackInfo’ does not name a type
 void onPing(const FunctionCallbackInfo<Value> &args) {
                   ^
../src/addon.h:277:19: error: ISO C++ forbids declaration of ‘parameter’ with no type [-fpermissive]
../src/addon.h:277:39: error: expected ‘,’ or ‘...’ before ‘<’ token
 void onPing(const FunctionCallbackInfo<Value> &args) {
                                       ^
../src/addon.h: In function ‘void onPing(int)’:
../src/addon.h:278:60: error: ‘args’ was not declared in this scope
     uWS::Group<isServer> *group = (uWS::Group<isServer> *) args[0].As<External>()->Value();
                                                            ^
../src/addon.h:278:79: error: expected primary-expression before ‘>’ token
     uWS::Group<isServer> *group = (uWS::Group<isServer> *) args[0].As<External>()->Value();
                                                                               ^
../src/addon.h:278:81: error: expected primary-expression before ‘)’ token
     uWS::Group<isServer> *group = (uWS::Group<isServer> *) args[0].As<External>()->Value();
                                                                                 ^
../src/addon.h:283:19: error: ‘class v8::Persistent<v8::Function>’ has no member named ‘Reset’
     pingCallback->Reset(isolate, Local<Function>::Cast(args[1]));
                   ^
../src/addon.h: In lambda function:
../src/addon.h:288:46: error: ‘class v8::Isolate’ has no member named ‘GetCurrentContext’
         node::MakeCallback(isolate, isolate->GetCurrentContext()->Global(), Local<Function>::New(isolate, *pingCallback), 2, argv);
                                              ^
../src/addon.h:288:120: error: no matching function for call to ‘v8::Local<v8::Function>::New(v8::Isolate* const&, v8::Persistent<v8::Function>&)’
         node::MakeCallback(isolate, isolate->GetCurrentContext()->Global(), Local<Function>::New(isolate, *pingCallback), 2, argv);
                                                                                                                        ^
../src/addon.h:288:120: note: candidate is:
In file included from /usr/include/node/node.h:62:0,
                 from ../src/addon.h:1,
                 from ../src/addon.cpp:2:
/usr/include/node/v8.h:4212:10: note: static v8::Local<T> v8::Local<T>::New(v8::Handle<T>) [with T = v8::Function]
 Local<T> Local<T>::New(Handle<T> that) {
          ^
/usr/include/node/v8.h:4212:10: note:   candidate expects 1 argument, 2 provided
In file included from ../src/addon.cpp:2:0:
../src/addon.h: At global scope:
../src/addon.h:293:19: error: ‘FunctionCallbackInfo’ does not name a type
 void onPong(const FunctionCallbackInfo<Value> &args) {
                   ^
../src/addon.h:293:19: error: ISO C++ forbids declaration of ‘parameter’ with no type [-fpermissive]
../src/addon.h:293:39: error: expected ‘,’ or ‘...’ before ‘<’ token
 void onPong(const FunctionCallbackInfo<Value> &args) {
                                       ^
../src/addon.h: In function ‘void onPong(int)’:
../src/addon.h:294:60: error: ‘args’ was not declared in this scope
     uWS::Group<isServer> *group = (uWS::Group<isServer> *) args[0].As<External>()->Value();
                                                            ^
../src/addon.h:294:79: error: expected primary-expression before ‘>’ token
     uWS::Group<isServer> *group = (uWS::Group<isServer> *) args[0].As<External>()->Value();
                                                                               ^
../src/addon.h:294:81: error: expected primary-expression before ‘)’ token
     uWS::Group<isServer> *group = (uWS::Group<isServer> *) args[0].As<External>()->Value();
                                                                                 ^
../src/addon.h:299:19: error: ‘class v8::Persistent<v8::Function>’ has no member named ‘Reset’
     pongCallback->Reset(isolate, Local<Function>::Cast(args[1]));
                   ^
../src/addon.h: In lambda function:
../src/addon.h:304:46: error: ‘class v8::Isolate’ has no member named ‘GetCurrentContext’
         node::MakeCallback(isolate, isolate->GetCurrentContext()->Global(), Local<Function>::New(isolate, *pongCallback), 2, argv);
                                              ^
../src/addon.h:304:120: error: no matching function for call to ‘v8::Local<v8::Function>::New(v8::Isolate* const&, v8::Persistent<v8::Function>&)’
         node::MakeCallback(isolate, isolate->GetCurrentContext()->Global(), Local<Function>::New(isolate, *pongCallback), 2, argv);
                                                                                                                        ^
../src/addon.h:304:120: note: candidate is:
In file included from /usr/include/node/node.h:62:0,
                 from ../src/addon.h:1,
                 from ../src/addon.cpp:2:
/usr/include/node/v8.h:4212:10: note: static v8::Local<T> v8::Local<T>::New(v8::Handle<T>) [with T = v8::Function]
 Local<T> Local<T>::New(Handle<T> that) {
          ^
/usr/include/node/v8.h:4212:10: note:   candidate expects 1 argument, 2 provided
In file included from ../src/addon.cpp:2:0:
../src/addon.h: At global scope:
../src/addon.h:309:28: error: ‘FunctionCallbackInfo’ does not name a type
 void onDisconnection(const FunctionCallbackInfo<Value> &args) {
                            ^
../src/addon.h:309:28: error: ISO C++ forbids declaration of ‘parameter’ with no type [-fpermissive]
../src/addon.h:309:48: error: expected ‘,’ or ‘...’ before ‘<’ token
 void onDisconnection(const FunctionCallbackInfo<Value> &args) {
                                                ^
../src/addon.h: In function ‘void onDisconnection(int)’:
../src/addon.h:310:60: error: ‘args’ was not declared in this scope
     uWS::Group<isServer> *group = (uWS::Group<isServer> *) args[0].As<External>()->Value();
                                                            ^
../src/addon.h:310:79: error: expected primary-expression before ‘>’ token
     uWS::Group<isServer> *group = (uWS::Group<isServer> *) args[0].As<External>()->Value();
                                                                               ^
../src/addon.h:310:81: error: expected primary-expression before ‘)’ token
     uWS::Group<isServer> *group = (uWS::Group<isServer> *) args[0].As<External>()->Value();
                                                                                 ^
../src/addon.h:315:28: error: ‘class v8::Persistent<v8::Function>’ has no member named ‘Reset’
     disconnectionCallback->Reset(isolate, Local<Function>::Cast(args[1]));
                            ^
../src/addon.h: In lambda function:
../src/addon.h:321:58: error: no matching function for call to ‘v8::Integer::New(v8::Isolate* const&, int&)’
                                Integer::New(isolate, code),
                                                          ^
../src/addon.h:321:58: note: candidates are:
In file included from /usr/include/node/node.h:62:0,
                 from ../src/addon.h:1,
                 from ../src/addon.cpp:2:
/usr/include/node/v8.h:1394:34: note: static v8::Local<v8::Integer> v8::Integer::New(int32_t)
   V8EXPORT static Local<Integer> New(int32_t value);
                                  ^
/usr/include/node/v8.h:1394:34: note:   candidate expects 1 argument, 2 provided
/usr/include/node/v8.h:1396:34: note: static v8::Local<v8::Integer> v8::Integer::New(int32_t, v8::Isolate*) <near match>
   V8EXPORT static Local<Integer> New(int32_t value, Isolate*);
                                  ^
/usr/include/node/v8.h:1396:34: note:   no known conversion for argument 2 from ‘int’ to ‘v8::Isolate*’
In file included from ../src/addon.cpp:2:0:
../src/addon.h:324:46: error: ‘class v8::Isolate’ has no member named ‘GetCurrentContext’
         node::MakeCallback(isolate, isolate->GetCurrentContext()->Global(), Local<Function>::New(isolate, *disconnectionCallback), 4, argv);
                                              ^
../src/addon.h:324:129: error: no matching function for call to ‘v8::Local<v8::Function>::New(v8::Isolate* const&, v8::Persistent<v8::Function>&)’
         node::MakeCallback(isolate, isolate->GetCurrentContext()->Global(), Local<Function>::New(isolate, *disconnectionCallback), 4, argv);
                                                                                                                                 ^
../src/addon.h:324:129: note: candidate is:
In file included from /usr/include/node/node.h:62:0,
                 from ../src/addon.h:1,
                 from ../src/addon.cpp:2:
/usr/include/node/v8.h:4212:10: note: static v8::Local<T> v8::Local<T>::New(v8::Handle<T>) [with T = v8::Function]
 Local<T> Local<T>::New(Handle<T> that) {
          ^
/usr/include/node/v8.h:4212:10: note:   candidate expects 1 argument, 2 provided
In file included from ../src/addon.cpp:2:0:
../src/addon.h: At global scope:
../src/addon.h:328:20: error: ‘FunctionCallbackInfo’ does not name a type
 void onError(const FunctionCallbackInfo<Value> &args) {
                    ^
../src/addon.h:328:20: error: ISO C++ forbids declaration of ‘parameter’ with no type [-fpermissive]
../src/addon.h:328:40: error: expected ‘,’ or ‘...’ before ‘<’ token
 void onError(const FunctionCallbackInfo<Value> &args) {
                                        ^
../src/addon.h: In function ‘void onError(int)’:
../src/addon.h:329:66: error: ‘args’ was not declared in this scope
     uWS::Group<uWS::CLIENT> *group = (uWS::Group<uWS::CLIENT> *) args[0].As<External>()->Value();
                                                                  ^
../src/addon.h:329:85: error: expected primary-expression before ‘>’ token
     uWS::Group<uWS::CLIENT> *group = (uWS::Group<uWS::CLIENT> *) args[0].As<External>()->Value();
                                                                                     ^
../src/addon.h:329:87: error: expected primary-expression before ‘)’ token
     uWS::Group<uWS::CLIENT> *group = (uWS::Group<uWS::CLIENT> *) args[0].As<External>()->Value();
                                                                                       ^
../src/addon.h:334:20: error: ‘class v8::Persistent<v8::Function>’ has no member named ‘Reset’
     errorCallback->Reset(isolate, Local<Function>::Cast(args[1]));
                    ^
../src/addon.h: In lambda function:
../src/addon.h:337:31: error: no matching function for call to ‘v8::HandleScope::HandleScope(v8::Isolate* const&)’
         HandleScope hs(isolate);
                               ^
../src/addon.h:337:31: note: candidates are:
In file included from /usr/include/node/node.h:62:0,
                 from ../src/addon.h:1,
                 from ../src/addon.cpp:2:
/usr/include/node/v8.h:473:3: note: v8::HandleScope::HandleScope(const v8::HandleScope&)
   HandleScope(const HandleScope&);
   ^
/usr/include/node/v8.h:473:3: note:   no known conversion for argument 1 from ‘v8::Isolate* const’ to ‘const v8::HandleScope&’
/usr/include/node/v8.h:448:3: note: v8::HandleScope::HandleScope()
   HandleScope();
   ^
/usr/include/node/v8.h:448:3: note:   candidate expects 0 arguments, 1 provided
In file included from ../src/addon.cpp:2:0:
../src/addon.h:338:86: error: no matching function for call to ‘v8::Local<v8::Value>::New(v8::Isolate* const&, v8::Persistent<v8::Value>&)’
         Local<Value> argv[] = {Local<Value>::New(isolate, *(Persistent<Value> *) user)};
                                                                                      ^
../src/addon.h:338:86: note: candidate is:
In file included from /usr/include/node/node.h:62:0,
                 from ../src/addon.h:1,
                 from ../src/addon.cpp:2:
/usr/include/node/v8.h:4212:10: note: static v8::Local<T> v8::Local<T>::New(v8::Handle<T>) [with T = v8::Value]
 Local<T> Local<T>::New(Handle<T> that) {
          ^
/usr/include/node/v8.h:4212:10: note:   candidate expects 1 argument, 2 provided
In file included from ../src/addon.cpp:2:0:
../src/addon.h:339:46: error: ‘class v8::Isolate’ has no member named ‘GetCurrentContext’
         node::MakeCallback(isolate, isolate->GetCurrentContext()->Global(), Local<Function>::New(isolate, *errorCallback), 1, argv);
                                              ^
../src/addon.h:339:121: error: no matching function for call to ‘v8::Local<v8::Function>::New(v8::Isolate* const&, v8::Persistent<v8::Function>&)’
         node::MakeCallback(isolate, isolate->GetCurrentContext()->Global(), Local<Function>::New(isolate, *errorCallback), 1, argv);
                                                                                                                         ^
../src/addon.h:339:121: note: candidate is:
In file included from /usr/include/node/node.h:62:0,
                 from ../src/addon.h:1,
                 from ../src/addon.cpp:2:
/usr/include/node/v8.h:4212:10: note: static v8::Local<T> v8::Local<T>::New(v8::Handle<T>) [with T = v8::Function]
 Local<T> Local<T>::New(Handle<T> that) {
          ^
/usr/include/node/v8.h:4212:10: note:   candidate expects 1 argument, 2 provided
In file included from ../src/addon.cpp:2:0:
../src/addon.h:341:39: error: ‘class v8::Persistent<v8::Value>’ has no member named ‘Reset’
         ((Persistent<Value> *) user)->Reset();
                                       ^
../src/addon.h: At global scope:
../src/addon.h:347:24: error: ‘FunctionCallbackInfo’ does not name a type
 void closeSocket(const FunctionCallbackInfo<Value> &args) {
                        ^
../src/addon.h:347:24: error: ISO C++ forbids declaration of ‘parameter’ with no type [-fpermissive]
../src/addon.h:347:44: error: expected ‘,’ or ‘...’ before ‘<’ token
 void closeSocket(const FunctionCallbackInfo<Value> &args) {
                                            ^
../src/addon.h: In function ‘void closeSocket(int)’:
../src/addon.h:348:31: error: ‘args’ was not declared in this scope
     NativeString nativeString(args[2]);
                               ^
../src/addon.h:349:47: error: expected primary-expression before ‘>’ token
     unwrapSocket<isServer>(args[0].As<External>())->close(args[1]->IntegerValue(), nativeString.getData(), nativeString.getLength());
                                               ^
../src/addon.h:349:49: error: expected primary-expression before ‘)’ token
     unwrapSocket<isServer>(args[0].As<External>())->close(args[1]->IntegerValue(), nativeString.getData(), nativeString.getLength());
                                                 ^
../src/addon.h: At global scope:
../src/addon.h:353:28: error: ‘FunctionCallbackInfo’ does not name a type
 void terminateSocket(const FunctionCallbackInfo<Value> &args) {
                            ^
../src/addon.h:353:28: error: ISO C++ forbids declaration of ‘parameter’ with no type [-fpermissive]
../src/addon.h:353:48: error: expected ‘,’ or ‘...’ before ‘<’ token
 void terminateSocket(const FunctionCallbackInfo<Value> &args) {
                                                ^
../src/addon.h: In function ‘void terminateSocket(int)’:
../src/addon.h:354:28: error: ‘args’ was not declared in this scope
     unwrapSocket<isServer>(args[0].As<External>())->terminate();
                            ^
../src/addon.h:354:47: error: expected primary-expression before ‘>’ token
     unwrapSocket<isServer>(args[0].As<External>())->terminate();
                                               ^
../src/addon.h:354:49: error: expected primary-expression before ‘)’ token
     unwrapSocket<isServer>(args[0].As<External>())->terminate();
                                                 ^
../src/addon.h: At global scope:
../src/addon.h:358:23: error: ‘FunctionCallbackInfo’ does not name a type
 void closeGroup(const FunctionCallbackInfo<Value> &args) {
                       ^
../src/addon.h:358:23: error: ISO C++ forbids declaration of ‘parameter’ with no type [-fpermissive]
../src/addon.h:358:43: error: expected ‘,’ or ‘...’ before ‘<’ token
 void closeGroup(const FunctionCallbackInfo<Value> &args) {
                                           ^
../src/addon.h: In function ‘void closeGroup(int)’:
../src/addon.h:359:31: error: ‘args’ was not declared in this scope
     NativeString nativeString(args[2]);
                               ^
../src/addon.h:360:79: error: expected primary-expression before ‘>’ token
     uWS::Group<isServer> *group = (uWS::Group<isServer> *) args[0].As<External>()->Value();
                                                                               ^
../src/addon.h:360:81: error: expected primary-expression before ‘)’ token
     uWS::Group<isServer> *group = (uWS::Group<isServer> *) args[0].As<External>()->Value();
                                                                                 ^
../src/addon.h: At global scope:
../src/addon.h:365:27: error: ‘FunctionCallbackInfo’ does not name a type
 void terminateGroup(const FunctionCallbackInfo<Value> &args) {
                           ^
../src/addon.h:365:27: error: ISO C++ forbids declaration of ‘parameter’ with no type [-fpermissive]
../src/addon.h:365:47: error: expected ‘,’ or ‘...’ before ‘<’ token
 void terminateGroup(const FunctionCallbackInfo<Value> &args) {
                                               ^
../src/addon.h: In function ‘void terminateGroup(int)’:
../src/addon.h:366:31: error: ‘args’ was not declared in this scope
     ((uWS::Group<isServer> *) args[0].As<External>()->Value())->terminate();
                               ^
../src/addon.h:366:50: error: expected primary-expression before ‘>’ token
     ((uWS::Group<isServer> *) args[0].As<External>()->Value())->terminate();
                                                  ^
../src/addon.h:366:52: error: expected primary-expression before ‘)’ token
     ((uWS::Group<isServer> *) args[0].As<External>()->Value())->terminate();
                                                    ^
../src/addon.h: At global scope:
../src/addon.h:370:22: error: ‘FunctionCallbackInfo’ does not name a type
 void broadcast(const FunctionCallbackInfo<Value> &args) {
                      ^
../src/addon.h:370:22: error: ISO C++ forbids declaration of ‘parameter’ with no type [-fpermissive]
../src/addon.h:370:42: error: expected ‘,’ or ‘...’ before ‘<’ token
 void broadcast(const FunctionCallbackInfo<Value> &args) {
                                          ^
../src/addon.h: In function ‘void broadcast(int)’:
../src/addon.h:371:60: error: ‘args’ was not declared in this scope
     uWS::Group<isServer> *group = (uWS::Group<isServer> *) args[0].As<External>()->Value();
                                                            ^
../src/addon.h:371:79: error: expected primary-expression before ‘>’ token
     uWS::Group<isServer> *group = (uWS::Group<isServer> *) args[0].As<External>()->Value();
                                                                               ^
../src/addon.h:371:81: error: expected primary-expression before ‘)’ token
     uWS::Group<isServer> *group = (uWS::Group<isServer> *) args[0].As<External>()->Value();
                                                                                 ^
../src/addon.h: At global scope:
../src/addon.h:378:27: error: ‘FunctionCallbackInfo’ does not name a type
 void prepareMessage(const FunctionCallbackInfo<Value> &args) {
                           ^
../src/addon.h:378:27: error: ISO C++ forbids declaration of ‘parameter’ with no type [-fpermissive]
../src/addon.h:378:47: error: expected ‘,’ or ‘...’ before ‘<’ token
 void prepareMessage(const FunctionCallbackInfo<Value> &args) {
                                               ^
../src/addon.h: In function ‘void prepareMessage(int)’:
../src/addon.h:379:40: error: ‘args’ was not declared in this scope
     uWS::OpCode opCode = (uWS::OpCode) args[1]->IntegerValue();
                                        ^
../src/addon.h: At global scope:
../src/addon.h:385:25: error: ‘FunctionCallbackInfo’ does not name a type
 void sendPrepared(const FunctionCallbackInfo<Value> &args) {
                         ^
../src/addon.h:385:25: error: ISO C++ forbids declaration of ‘parameter’ with no type [-fpermissive]
../src/addon.h:385:45: error: expected ‘,’ or ‘...’ before ‘<’ token
 void sendPrepared(const FunctionCallbackInfo<Value> &args) {
                                             ^
../src/addon.h: In function ‘void sendPrepared(int)’:
../src/addon.h:386:28: error: ‘args’ was not declared in this scope
     unwrapSocket<isServer>(args[0].As<External>())
                            ^
../src/addon.h:386:47: error: expected primary-expression before ‘>’ token
     unwrapSocket<isServer>(args[0].As<External>())
                                               ^
../src/addon.h:386:49: error: expected primary-expression before ‘)’ token
     unwrapSocket<isServer>(args[0].As<External>())
                                                 ^
../src/addon.h:387:98: error: expected primary-expression before ‘>’ token
         ->sendPrepared((typename uWS::WebSocket<isServer>::PreparedMessage *) args[1].As<External>()->Value());
                                                                                                  ^
../src/addon.h:387:100: error: expected primary-expression before ‘)’ token
         ->sendPrepared((typename uWS::WebSocket<isServer>::PreparedMessage *) args[1].As<External>()->Value());
                                                                                                    ^
../src/addon.h: At global scope:
../src/addon.h:391:28: error: ‘FunctionCallbackInfo’ does not name a type
 void finalizeMessage(const FunctionCallbackInfo<Value> &args) {
                            ^
../src/addon.h:391:28: error: ISO C++ forbids declaration of ‘parameter’ with no type [-fpermissive]
../src/addon.h:391:48: error: expected ‘,’ or ‘...’ before ‘<’ token
 void finalizeMessage(const FunctionCallbackInfo<Value> &args) {
                                                ^
../src/addon.h: In function ‘void finalizeMessage(int)’:
../src/addon.h:392:102: error: ‘args’ was not declared in this scope
     uWS::WebSocket<isServer>::finalizeMessage((typename uWS::WebSocket<isServer>::PreparedMessage *) args[0].As<External>()->Value());
                                                                                                      ^
../src/addon.h:392:121: error: expected primary-expression before ‘>’ token
     uWS::WebSocket<isServer>::finalizeMessage((typename uWS::WebSocket<isServer>::PreparedMessage *) args[0].As<External>()->Value());
                                                                                                                         ^
../src/addon.h:392:123: error: expected primary-expression before ‘)’ token
     uWS::WebSocket<isServer>::finalizeMessage((typename uWS::WebSocket<isServer>::PreparedMessage *) args[0].As<External>()->Value());
                                                                                                                           ^
../src/addon.h: At global scope:
../src/addon.h:395:20: error: ‘FunctionCallbackInfo’ does not name a type
 void forEach(const FunctionCallbackInfo<Value> &args) {
                    ^
../src/addon.h:395:20: error: ISO C++ forbids declaration of ‘parameter’ with no type [-fpermissive]
../src/addon.h:395:40: error: expected ‘,’ or ‘...’ before ‘<’ token
 void forEach(const FunctionCallbackInfo<Value> &args) {
                                        ^
../src/addon.h: In function ‘void forEach(int)’:
../src/addon.h:396:24: error: ‘args’ was not declared in this scope
     Isolate *isolate = args.GetIsolate();
                        ^
../src/addon.h:397:85: error: expected primary-expression before ‘>’ token
     uWS::Group<uWS::SERVER> *group = (uWS::Group<uWS::SERVER> *) args[0].As<External>()->Value();
                                                                                     ^
../src/addon.h:397:87: error: expected primary-expression before ‘)’ token
     uWS::Group<uWS::SERVER> *group = (uWS::Group<uWS::SERVER> *) args[0].As<External>()->Value();
                                                                                       ^
../src/addon.h: At global scope:
../src/addon.h:407:20: error: ‘FunctionCallbackInfo’ does not name a type
 void getSize(const FunctionCallbackInfo<Value> &args) {
                    ^
../src/addon.h:407:20: error: ISO C++ forbids declaration of ‘parameter’ with no type [-fpermissive]
../src/addon.h:407:40: error: expected ‘,’ or ‘...’ before ‘<’ token
 void getSize(const FunctionCallbackInfo<Value> &args) {
                                        ^
../src/addon.h: In function ‘void getSize(int)’:
../src/addon.h:408:66: error: ‘args’ was not declared in this scope
     uWS::Group<uWS::SERVER> *group = (uWS::Group<uWS::SERVER> *) args[0].As<External>()->Value();
                                                                  ^
../src/addon.h:408:85: error: expected primary-expression before ‘>’ token
     uWS::Group<uWS::SERVER> *group = (uWS::Group<uWS::SERVER> *) args[0].As<External>()->Value();
                                                                                     ^
../src/addon.h:408:87: error: expected primary-expression before ‘)’ token
     uWS::Group<uWS::SERVER> *group = (uWS::Group<uWS::SERVER> *) args[0].As<External>()->Value();
                                                                                       ^
../src/addon.h: At global scope:
../src/addon.h:413:26: error: ‘FunctionCallbackInfo’ does not name a type
 void startAutoPing(const FunctionCallbackInfo<Value> &args) {
                          ^
../src/addon.h:413:26: error: ISO C++ forbids declaration of ‘parameter’ with no type [-fpermissive]
../src/addon.h:413:46: error: expected ‘,’ or ‘...’ before ‘<’ token
 void startAutoPing(const FunctionCallbackInfo<Value> &args) {
                                              ^
../src/addon.h: In function ‘void startAutoPing(int)’:
../src/addon.h:414:66: error: ‘args’ was not declared in this scope
     uWS::Group<uWS::SERVER> *group = (uWS::Group<uWS::SERVER> *) args[0].As<External>()->Value();
                                                                  ^
../src/addon.h:414:85: error: expected primary-expression before ‘>’ token
     uWS::Group<uWS::SERVER> *group = (uWS::Group<uWS::SERVER> *) args[0].As<External>()->Value();
                                                                                     ^
../src/addon.h:414:87: error: expected primary-expression before ‘)’ token
     uWS::Group<uWS::SERVER> *group = (uWS::Group<uWS::SERVER> *) args[0].As<External>()->Value();
                                                                                       ^
../src/addon.h: At global scope:
../src/addon.h:419:20: error: ‘FunctionCallbackInfo’ does not name a type
 void setNoop(const FunctionCallbackInfo<Value> &args) {
                    ^
../src/addon.h:419:20: error: ISO C++ forbids declaration of ‘parameter’ with no type [-fpermissive]
../src/addon.h:419:40: error: expected ‘,’ or ‘...’ before ‘<’ token
 void setNoop(const FunctionCallbackInfo<Value> &args) {
                                        ^
../src/addon.h: In function ‘void setNoop(int)’:
../src/addon.h:420:10: error: ‘class v8::Persistent<v8::Function>’ has no member named ‘Reset’
     noop.Reset(args.GetIsolate(), Local<Function>::Cast(args[0]));
          ^
../src/addon.h:420:16: error: ‘args’ was not declared in this scope
     noop.Reset(args.GetIsolate(), Local<Function>::Cast(args[0]));
                ^
../src/addon.h: At global scope:
../src/addon.h:423:19: error: ‘FunctionCallbackInfo’ does not name a type
 void listen(const FunctionCallbackInfo<Value> &args) {
                   ^
../src/addon.h:423:19: error: ISO C++ forbids declaration of ‘parameter’ with no type [-fpermissive]
../src/addon.h:423:39: error: expected ‘,’ or ‘...’ before ‘<’ token
 void listen(const FunctionCallbackInfo<Value> &args) {
                                       ^
../src/addon.h: In function ‘void listen(int)’:
../src/addon.h:424:66: error: ‘args’ was not declared in this scope
     uWS::Group<uWS::SERVER> *group = (uWS::Group<uWS::SERVER> *) args[0].As<External>()->Value();
                                                                  ^
../src/addon.h:424:85: error: expected primary-expression before ‘>’ token
     uWS::Group<uWS::SERVER> *group = (uWS::Group<uWS::SERVER> *) args[0].As<External>()->Value();
                                                                                     ^
../src/addon.h:424:87: error: expected primary-expression before ‘)’ token
     uWS::Group<uWS::SERVER> *group = (uWS::Group<uWS::SERVER> *) args[0].As<External>()->Value();
                                                                                       ^
../src/addon.h: In constructor ‘Namespace<isServer>::Namespace(v8::Isolate*)’:
../src/addon.h:432:37: error: no matching function for call to ‘v8::Object::New(v8::Isolate*&)’
         object = Object::New(isolate);
                                     ^
../src/addon.h:432:37: note: candidate is:
In file included from /usr/include/node/node.h:62:0,
                 from ../src/addon.h:1,
                 from ../src/addon.cpp:2:
/usr/include/node/v8.h:1728:33: note: static v8::Local<v8::Object> v8::Object::New()
   V8EXPORT static Local<Object> New();
                                 ^
/usr/include/node/v8.h:1728:33: note:   candidate expects 0 arguments, 1 provided
In file included from ../src/addon.cpp:2:0:
../src/addon.h:440:50: error: no matching function for call to ‘v8::Object::New(v8::Isolate*&)’
         Local<Object> group = Object::New(isolate);
                                                  ^
../src/addon.h:440:50: note: candidate is:
In file included from /usr/include/node/node.h:62:0,
                 from ../src/addon.h:1,
                 from ../src/addon.cpp:2:
/usr/include/node/v8.h:1728:33: note: static v8::Local<v8::Object> v8::Object::New()
   V8EXPORT static Local<Object> New();
                                 ^
/usr/include/node/v8.h:1728:33: note:   candidate expects 0 arguments, 1 provided
In file included from ../src/addon.cpp:2:0:
../src/addon.h:446:54: error: no matching function for call to ‘SetMethod(v8::Local<v8::Object>&, const char [8], void (&)(int))’
             NODE_SET_METHOD(group, "onError", onError);
                                                      ^
../src/addon.h:446:54: note: candidate is:
In file included from ../src/addon.h:1:0,
                 from ../src/addon.cpp:2:
/usr/include/node/node.h:112:6: note: template<class target_t> void node::SetMethod(target_t, const char*, v8::InvocationCallback)
 void SetMethod(target_t obj, const char* name,
      ^
/usr/include/node/node.h:112:6: note:   template argument deduction/substitution failed:
In file included from ../src/addon.cpp:2:0:
../src/addon.h:446:54: note:   cannot convert ‘onError’ (type ‘void(int)’) to type ‘v8::InvocationCallback {aka v8::Handle<v8::Value> (*)(const v8::Arguments&)}’
             NODE_SET_METHOD(group, "onError", onError);
                                                      ^
../src/addon.h:448:54: error: no matching function for call to ‘SetMethod(v8::Local<v8::Object>&, const char [8], void (&)(int))’
             NODE_SET_METHOD(group, "forEach", forEach);
                                                      ^
../src/addon.h:448:54: note: candidate is:
In file included from ../src/addon.h:1:0,
                 from ../src/addon.cpp:2:
/usr/include/node/node.h:112:6: note: template<class target_t> void node::SetMethod(target_t, const char*, v8::InvocationCallback)
 void SetMethod(target_t obj, const char* name,
      ^
/usr/include/node/node.h:112:6: note:   template argument deduction/substitution failed:
In file included from ../src/addon.cpp:2:0:
../src/addon.h:448:54: note:   cannot convert ‘forEach’ (type ‘void(int)’) to type ‘v8::InvocationCallback {aka v8::Handle<v8::Value> (*)(const v8::Arguments&)}’
             NODE_SET_METHOD(group, "forEach", forEach);
                                                      ^
../src/addon.h:449:54: error: no matching function for call to ‘SetMethod(v8::Local<v8::Object>&, const char [8], void (&)(int))’
             NODE_SET_METHOD(group, "getSize", getSize);
                                                      ^
../src/addon.h:449:54: note: candidate is:
In file included from ../src/addon.h:1:0,
                 from ../src/addon.cpp:2:
/usr/include/node/node.h:112:6: note: template<class target_t> void node::SetMethod(target_t, const char*, v8::InvocationCallback)
 void SetMethod(target_t obj, const char* name,
      ^
/usr/include/node/node.h:112:6: note:   template argument deduction/substitution failed:
In file included from ../src/addon.cpp:2:0:
../src/addon.h:449:54: note:   cannot convert ‘getSize’ (type ‘void(int)’) to type ‘v8::InvocationCallback {aka v8::Handle<v8::Value> (*)(const v8::Arguments&)}’
             NODE_SET_METHOD(group, "getSize", getSize);
                                                      ^
../src/addon.h:450:66: error: no matching function for call to ‘SetMethod(v8::Local<v8::Object>&, const char [14], void (&)(int))’
             NODE_SET_METHOD(group, "startAutoPing", startAutoPing);
                                                                  ^
../src/addon.h:450:66: note: candidate is:
In file included from ../src/addon.h:1:0,
                 from ../src/addon.cpp:2:
/usr/include/node/node.h:112:6: note: template<class target_t> void node::SetMethod(target_t, const char*, v8::InvocationCallback)
 void SetMethod(target_t obj, const char* name,
      ^
/usr/include/node/node.h:112:6: note:   template argument deduction/substitution failed:
In file included from ../src/addon.cpp:2:0:
../src/addon.h:450:66: note:   cannot convert ‘startAutoPing’ (type ‘void(int)’) to type ‘v8::InvocationCallback {aka v8::Handle<v8::Value> (*)(const v8::Arguments&)}’
             NODE_SET_METHOD(group, "startAutoPing", startAutoPing);
                                                                  ^
../src/addon.h:451:52: error: no matching function for call to ‘SetMethod(v8::Local<v8::Object>&, const char [7], <unresolved overloaded function type>)’
             NODE_SET_METHOD(group, "listen", listen);
                                                    ^
../src/addon.h:451:52: note: candidate is:
In file included from ../src/addon.h:1:0,
                 from ../src/addon.cpp:2:
/usr/include/node/node.h:112:6: note: template<class target_t> void node::SetMethod(target_t, const char*, v8::InvocationCallback)
 void SetMethod(target_t obj, const char* name,
      ^
/usr/include/node/node.h:112:6: note:   template argument deduction/substitution failed:
In file included from ../src/addon.cpp:2:0:
../src/addon.h:451:52: note:   cannot convert ‘listen’ (type ‘<unresolved overloaded function type>’) to type ‘v8::InvocationCallback {aka v8::Handle<v8::Value> (*)(const v8::Arguments&)}’
             NODE_SET_METHOD(group, "listen", listen);
                                                    ^
../src/addon.h:462:21: error: ‘NewFromUtf8’ is not a member of ‘v8::String’
         object->Set(String::NewFromUtf8(isolate, "group"), group);
                     ^
In file included from ../src/addon.cpp:3:0:
../src/http.h: At global scope:
../src/http.h:11:30: error: ‘FunctionCallbackInfo’ does not name a type
         static void on(const FunctionCallbackInfo<Value> &args) {
                              ^
../src/http.h:11:30: error: ISO C++ forbids declaration of ‘parameter’ with no type [-fpermissive]
../src/http.h:11:50: error: expected ‘,’ or ‘...’ before ‘<’ token
         static void on(const FunctionCallbackInfo<Value> &args) {
                                                  ^
In file included from ../src/addon.cpp:3:0:
../src/http.h:23:59: error: ‘PropertyCallbackInfo’ does not name a type
         static void headers(Local<String> property, const PropertyCallbackInfo<Value> &args) {
                                                           ^
../src/http.h:23:59: error: ISO C++ forbids declaration of ‘parameter’ with no type [-fpermissive]
../src/http.h:23:79: error: expected ‘,’ or ‘...’ before ‘<’ token
         static void headers(Local<String> property, const PropertyCallbackInfo<Value> &args) {
                                                                               ^
../src/http.h:36:55: error: ‘PropertyCallbackInfo’ does not name a type
         static void url(Local<String> property, const PropertyCallbackInfo<Value> &args) {
                                                       ^
../src/http.h:36:55: error: ISO C++ forbids declaration of ‘parameter’ with no type [-fpermissive]
../src/http.h:36:75: error: expected ‘,’ or ‘...’ before ‘<’ token
         static void url(Local<String> property, const PropertyCallbackInfo<Value> &args) {
                                                                           ^
../src/http.h:40:58: error: ‘PropertyCallbackInfo’ does not name a type
         static void method(Local<String> property, const PropertyCallbackInfo<Value> &args) {
                                                          ^
../src/http.h:40:58: error: ISO C++ forbids declaration of ‘parameter’ with no type [-fpermissive]
../src/http.h:40:78: error: expected ‘,’ or ‘...’ before ‘<’ token
         static void method(Local<String> property, const PropertyCallbackInfo<Value> &args) {
                                                                              ^
../src/http.h:75:34: error: ‘FunctionCallbackInfo’ does not name a type
         static void unpipe(const FunctionCallbackInfo<Value> &args) {
                                  ^
../src/http.h:75:34: error: ISO C++ forbids declaration of ‘parameter’ with no type [-fpermissive]
../src/http.h:75:54: error: expected ‘,’ or ‘...’ before ‘<’ token
         static void unpipe(const FunctionCallbackInfo<Value> &args) {
                                                      ^
../src/http.h:79:34: error: ‘FunctionCallbackInfo’ does not name a type
         static void resume(const FunctionCallbackInfo<Value> &args) {
                                  ^
../src/http.h:79:34: error: ISO C++ forbids declaration of ‘parameter’ with no type [-fpermissive]
../src/http.h:79:54: error: expected ‘,’ or ‘...’ before ‘<’ token
         static void resume(const FunctionCallbackInfo<Value> &args) {
                                                      ^
../src/http.h:83:34: error: ‘FunctionCallbackInfo’ does not name a type
         static void socket(const FunctionCallbackInfo<Value> &args) {
                                  ^
../src/http.h:83:34: error: ISO C++ forbids declaration of ‘parameter’ with no type [-fpermissive]
../src/http.h:83:54: error: expected ‘,’ or ‘...’ before ‘<’ token
         static void socket(const FunctionCallbackInfo<Value> &args) {
                                                      ^
../src/http.h:110:30: error: ‘FunctionCallbackInfo’ does not name a type
         static void on(const FunctionCallbackInfo<Value> &args) {
                              ^
../src/http.h:110:30: error: ISO C++ forbids declaration of ‘parameter’ with no type [-fpermissive]
../src/http.h:110:50: error: expected ‘,’ or ‘...’ before ‘<’ token
         static void on(const FunctionCallbackInfo<Value> &args) {
                                                  ^
../src/http.h:120:31: error: ‘FunctionCallbackInfo’ does not name a type
         static void end(const FunctionCallbackInfo<Value> &args) {
                               ^
../src/http.h:120:31: error: ISO C++ forbids declaration of ‘parameter’ with no type [-fpermissive]
../src/http.h:120:51: error: expected ‘,’ or ‘...’ before ‘<’ token
         static void end(const FunctionCallbackInfo<Value> &args) {
                                                   ^
../src/http.h:134:37: error: ‘FunctionCallbackInfo’ does not name a type
         static void writeHead(const FunctionCallbackInfo<Value> &args) {
                                     ^
../src/http.h:134:37: error: ISO C++ forbids declaration of ‘parameter’ with no type [-fpermissive]
../src/http.h:134:57: error: expected ‘,’ or ‘...’ before ‘<’ token
         static void writeHead(const FunctionCallbackInfo<Value> &args) {
                                                         ^
../src/http.h:169:33: error: ‘FunctionCallbackInfo’ does not name a type
         static void write(const FunctionCallbackInfo<Value> &args) {
                                 ^
../src/http.h:169:33: error: ISO C++ forbids declaration of ‘parameter’ with no type [-fpermissive]
../src/http.h:169:53: error: expected ‘,’ or ‘...’ before ‘<’ token
         static void write(const FunctionCallbackInfo<Value> &args) {
                                                     ^
../src/http.h:178:37: error: ‘FunctionCallbackInfo’ does not name a type
         static void setHeader(const FunctionCallbackInfo<Value> &args) {
                                     ^
../src/http.h:178:37: error: ISO C++ forbids declaration of ‘parameter’ with no type [-fpermissive]
../src/http.h:178:57: error: expected ‘,’ or ‘...’ before ‘<’ token
         static void setHeader(const FunctionCallbackInfo<Value> &args) {
                                                         ^
../src/http.h:182:37: error: ‘FunctionCallbackInfo’ does not name a type
         static void getHeader(const FunctionCallbackInfo<Value> &args) {
                                     ^
../src/http.h:182:37: error: ISO C++ forbids declaration of ‘parameter’ with no type [-fpermissive]
../src/http.h:182:57: error: expected ‘,’ or ‘...’ before ‘<’ token
         static void getHeader(const FunctionCallbackInfo<Value> &args) {
                                                         ^
../src/http.h:201:36: error: ‘FunctionCallbackInfo’ does not name a type
     static void createServer(const FunctionCallbackInfo<Value> &args) {
                                    ^
../src/http.h:201:36: error: ISO C++ forbids declaration of ‘parameter’ with no type [-fpermissive]
../src/http.h:201:56: error: expected ‘,’ or ‘...’ before ‘<’ token
     static void createServer(const FunctionCallbackInfo<Value> &args) {
                                                        ^
../src/http.h:301:26: error: ‘FunctionCallbackInfo’ does not name a type
     static void on(const FunctionCallbackInfo<Value> &args) {
                          ^
../src/http.h:301:26: error: ISO C++ forbids declaration of ‘parameter’ with no type [-fpermissive]
../src/http.h:301:46: error: expected ‘,’ or ‘...’ before ‘<’ token
     static void on(const FunctionCallbackInfo<Value> &args) {
                                              ^
../src/http.h:306:30: error: ‘FunctionCallbackInfo’ does not name a type
     static void listen(const FunctionCallbackInfo<Value> &args) {
                              ^
../src/http.h:306:30: error: ISO C++ forbids declaration of ‘parameter’ with no type [-fpermissive]
../src/http.h:306:50: error: expected ‘,’ or ‘...’ before ‘<’ token
     static void listen(const FunctionCallbackInfo<Value> &args) {
                                                  ^
../src/http.h:316:37: error: ‘FunctionCallbackInfo’ does not name a type
     static void getExpressApp(const FunctionCallbackInfo<Value> &args) {
                                     ^
../src/http.h:316:37: error: ISO C++ forbids declaration of ‘parameter’ with no type [-fpermissive]
../src/http.h:316:57: error: expected ‘,’ or ‘...’ before ‘<’ token
     static void getExpressApp(const FunctionCallbackInfo<Value> &args) {
                                                         ^
../src/http.h:331:44: error: ‘FunctionCallbackInfo’ does not name a type
     static void getResponsePrototype(const FunctionCallbackInfo<Value> &args) {
                                            ^
../src/http.h:331:44: error: ISO C++ forbids declaration of ‘parameter’ with no type [-fpermissive]
../src/http.h:331:64: error: expected ‘,’ or ‘...’ before ‘<’ token
     static void getResponsePrototype(const FunctionCallbackInfo<Value> &args) {
                                                                ^
../src/http.h:335:43: error: ‘FunctionCallbackInfo’ does not name a type
     static void getRequestPrototype(const FunctionCallbackInfo<Value> &args) {
                                           ^
../src/http.h:335:43: error: ISO C++ forbids declaration of ‘parameter’ with no type [-fpermissive]
../src/http.h:335:63: error: expected ‘,’ or ‘...’ before ‘<’ token
     static void getRequestPrototype(const FunctionCallbackInfo<Value> &args) {
                                                               ^
In file included from ../src/addon.cpp:3:0:
../src/http.h: In static member function ‘static void HttpServer::Request::on(int)’:
../src/http.h:12:36: error: ‘args’ was not declared in this scope
             NativeString eventName(args[0]);
                                    ^
In file included from ../src/addon.cpp:3:0:
../src/http.h: In static member function ‘static void HttpServer::Request::headers(v8::Local<v8::String>, int)’:
../src/http.h:31:21: error: ‘args’ was not declared in this scope
                     args.GetReturnValue().Set(String::NewFromOneByte(args.GetIsolate(), (uint8_t *) header.value, String::kNormalString, header.valueLength));
                     ^
../src/http.h:31:47: error: ‘NewFromOneByte’ is not a member of ‘v8::String’
                     args.GetReturnValue().Set(String::NewFromOneByte(args.GetIsolate(), (uint8_t *) header.value, String::kNormalString, header.valueLength));
                                               ^
../src/http.h:31:115: error: ‘kNormalString’ is not a member of ‘v8::String’
                     args.GetReturnValue().Set(String::NewFromOneByte(args.GetIsolate(), (uint8_t *) header.value, String::kNormalString, header.valueLength));
                                                                                                                   ^
../src/http.h: In static member function ‘static void HttpServer::Request::url(v8::Local<v8::String>, int)’:
../src/http.h:37:13: error: ‘args’ was not declared in this scope
             args.GetReturnValue().Set(args.This()->GetInternalField(4));
             ^
../src/http.h: In static member function ‘static void HttpServer::Request::method(v8::Local<v8::String>, int)’:
../src/http.h:42:37: error: ‘args’ was not declared in this scope
             long methodId = ((long) args.This()->GetAlignedPointerFromInternalField(3)) >> 1;
                                     ^
../src/http.h:45:43: error: ‘NewFromOneByte’ is not a member of ‘v8::String’
                 args.GetReturnValue().Set(String::NewFromOneByte(args.GetIsolate(), (uint8_t *) "GET", String::kNormalString, 3));
                                           ^
../src/http.h:45:104: error: ‘kNormalString’ is not a member of ‘v8::String’
                 args.GetReturnValue().Set(String::NewFromOneByte(args.GetIsolate(), (uint8_t *) "GET", String::kNormalString, 3));
                                                                                                        ^
../src/http.h:48:43: error: ‘NewFromOneByte’ is not a member of ‘v8::String’
                 args.GetReturnValue().Set(String::NewFromOneByte(args.GetIsolate(), (uint8_t *) "PUT", String::kNormalString, 3));
                                           ^
../src/http.h:48:104: error: ‘kNormalString’ is not a member of ‘v8::String’
                 args.GetReturnValue().Set(String::NewFromOneByte(args.GetIsolate(), (uint8_t *) "PUT", String::kNormalString, 3));
                                                                                                        ^
../src/http.h:51:43: error: ‘NewFromOneByte’ is not a member of ‘v8::String’
                 args.GetReturnValue().Set(String::NewFromOneByte(args.GetIsolate(), (uint8_t *) "POST", String::kNormalString, 4));
                                           ^
../src/http.h:51:105: error: ‘kNormalString’ is not a member of ‘v8::String’
                 args.GetReturnValue().Set(String::NewFromOneByte(args.GetIsolate(), (uint8_t *) "POST", String::kNormalString, 4));
                                                                                                         ^
../src/http.h:54:43: error: ‘NewFromOneByte’ is not a member of ‘v8::String’
                 args.GetReturnValue().Set(String::NewFromOneByte(args.GetIsolate(), (uint8_t *) "HEAD", String::kNormalString, 4));
                                           ^
../src/http.h:54:105: error: ‘kNormalString’ is not a member of ‘v8::String’
                 args.GetReturnValue().Set(String::NewFromOneByte(args.GetIsolate(), (uint8_t *) "HEAD", String::kNormalString, 4));
                                                                                                         ^
../src/http.h:57:43: error: ‘NewFromOneByte’ is not a member of ‘v8::String’
                 args.GetReturnValue().Set(String::NewFromOneByte(args.GetIsolate(), (uint8_t *) "PATCH", String::kNormalString, 5));
                                           ^
../src/http.h:57:106: error: ‘kNormalString’ is not a member of ‘v8::String’
                 args.GetReturnValue().Set(String::NewFromOneByte(args.GetIsolate(), (uint8_t *) "PATCH", String::kNormalString, 5));
                                                                                                          ^
../src/http.h:60:43: error: ‘NewFromOneByte’ is not a member of ‘v8::String’
                 args.GetReturnValue().Set(String::NewFromOneByte(args.GetIsolate(), (uint8_t *) "TRACE", String::kNormalString, 5));
                                           ^
../src/http.h:60:106: error: ‘kNormalString’ is not a member of ‘v8::String’
                 args.GetReturnValue().Set(String::NewFromOneByte(args.GetIsolate(), (uint8_t *) "TRACE", String::kNormalString, 5));
                                                                                                          ^
../src/http.h:63:43: error: ‘NewFromOneByte’ is not a member of ‘v8::String’
                 args.GetReturnValue().Set(String::NewFromOneByte(args.GetIsolate(), (uint8_t *) "DELETE", String::kNormalString, 6));
                                           ^
../src/http.h:63:107: error: ‘kNormalString’ is not a member of ‘v8::String’
                 args.GetReturnValue().Set(String::NewFromOneByte(args.GetIsolate(), (uint8_t *) "DELETE", String::kNormalString, 6));
                                                                                                           ^
../src/http.h:66:43: error: ‘NewFromOneByte’ is not a member of ‘v8::String’
                 args.GetReturnValue().Set(String::NewFromOneByte(args.GetIsolate(), (uint8_t *) "OPTIONS", String::kNormalString, 7));
                                           ^
../src/http.h:66:108: error: ‘kNormalString’ is not a member of ‘v8::String’
                 args.GetReturnValue().Set(String::NewFromOneByte(args.GetIsolate(), (uint8_t *) "OPTIONS", String::kNormalString, 7));
                                                                                                            ^
../src/http.h:69:43: error: ‘NewFromOneByte’ is not a member of ‘v8::String’
                 args.GetReturnValue().Set(String::NewFromOneByte(args.GetIsolate(), (uint8_t *) "CONNECT", String::kNormalString, 7));
                                           ^
../src/http.h:69:108: error: ‘kNormalString’ is not a member of ‘v8::String’
                 args.GetReturnValue().Set(String::NewFromOneByte(args.GetIsolate(), (uint8_t *) "CONNECT", String::kNormalString, 7));
                                                                                                            ^
../src/http.h: In static member function ‘static void HttpServer::Request::socket(int)’:
../src/http.h:85:13: error: ‘args’ was not declared in this scope
             args.GetReturnValue().Set(Object::New(args.GetIsolate()));
             ^
../src/http.h: In static member function ‘static v8::Local<v8::Object> HttpServer::Request::getTemplateObject(v8::Isolate*)’:
../src/http.h:89:85: error: no matching function for call to ‘v8::FunctionTemplate::New(v8::Isolate*&)’
             Local<FunctionTemplate> reqTemplateLocal = FunctionTemplate::New(isolate);
                                                                                     ^
../src/http.h:89:85: note: candidate is:
In file included from /usr/include/node/node.h:62:0,
                 from ../src/addon.h:1,
                 from ../src/addon.cpp:2:
/usr/include/node/v8.h:2259:34: note: static v8::Local<v8::FunctionTemplate> v8::FunctionTemplate::New(v8::InvocationCallback, v8::Handle<v8::Value>, v8::Handle<v8::Signature>)
   static Local<FunctionTemplate> New(
                                  ^
/usr/include/node/v8.h:2259:34: note:   no known conversion for argument 1 from ‘v8::Isolate*’ to ‘v8::InvocationCallback {aka v8::Handle<v8::Value> (*)(const v8::Arguments&)}’
In file included from ../src/addon.cpp:3:0:
../src/http.h:90:44: error: ‘NewFromUtf8’ is not a member of ‘v8::String’
             reqTemplateLocal->SetClassName(String::NewFromUtf8(isolate, "uws.Request"));
                                            ^
../src/http.h:92:64: error: ‘NewFromUtf8’ is not a member of ‘v8::String’
             reqTemplateLocal->PrototypeTemplate()->SetAccessor(String::NewFromUtf8(isolate, "url"), Request::url);
                                                                ^
../src/http.h:93:64: error: ‘NewFromUtf8’ is not a member of ‘v8::String’
             reqTemplateLocal->PrototypeTemplate()->SetAccessor(String::NewFromUtf8(isolate, "method"), Request::method);
                                                                ^
../src/http.h:94:56: error: ‘NewFromUtf8’ is not a member of ‘v8::String’
             reqTemplateLocal->PrototypeTemplate()->Set(String::NewFromUtf8(isolate, "on"), FunctionTemplate::New(isolate, Request::on));
                                                        ^
../src/http.h:94:134: error: no matching function for call to ‘v8::FunctionTemplate::New(v8::Isolate*&, void (&)(int))’
             reqTemplateLocal->PrototypeTemplate()->Set(String::NewFromUtf8(isolate, "on"), FunctionTemplate::New(isolate, Request::on));
                                                                                                                                      ^
../src/http.h:94:134: note: candidate is:
In file included from /usr/include/node/node.h:62:0,
                 from ../src/addon.h:1,
                 from ../src/addon.cpp:2:
/usr/include/node/v8.h:2259:34: note: static v8::Local<v8::FunctionTemplate> v8::FunctionTemplate::New(v8::InvocationCallback, v8::Handle<v8::Value>, v8::Handle<v8::Signature>)
   static Local<FunctionTemplate> New(
                                  ^
/usr/include/node/v8.h:2259:34: note:   no known conversion for argument 1 from ‘v8::Isolate*’ to ‘v8::InvocationCallback {aka v8::Handle<v8::Value> (*)(const v8::Arguments&)}’
In file included from ../src/addon.cpp:3:0:
../src/http.h:95:56: error: ‘NewFromUtf8’ is not a member of ‘v8::String’
             reqTemplateLocal->PrototypeTemplate()->Set(String::NewFromUtf8(isolate, "unpipe"), FunctionTemplate::New(isolate, Request::unpipe));
                                                        ^
../src/http.h:95:142: error: no matching function for call to ‘v8::FunctionTemplate::New(v8::Isolate*&, void (&)(int))’
             reqTemplateLocal->PrototypeTemplate()->Set(String::NewFromUtf8(isolate, "unpipe"), FunctionTemplate::New(isolate, Request::unpipe));
                                                                                                                                              ^
../src/http.h:95:142: note: candidate is:
In file included from /usr/include/node/node.h:62:0,
                 from ../src/addon.h:1,
                 from ../src/addon.cpp:2:
/usr/include/node/v8.h:2259:34: note: static v8::Local<v8::FunctionTemplate> v8::FunctionTemplate::New(v8::InvocationCallback, v8::Handle<v8::Value>, v8::Handle<v8::Signature>)
   static Local<FunctionTemplate> New(
                                  ^
/usr/include/node/v8.h:2259:34: note:   no known conversion for argument 1 from ‘v8::Isolate*’ to ‘v8::InvocationCallback {aka v8::Handle<v8::Value> (*)(const v8::Arguments&)}’
In file included from ../src/addon.cpp:3:0:
../src/http.h:96:56: error: ‘NewFromUtf8’ is not a member of ‘v8::String’
             reqTemplateLocal->PrototypeTemplate()->Set(String::NewFromUtf8(isolate, "resume"), FunctionTemplate::New(isolate, Request::resume));
                                                        ^
../src/http.h:96:142: error: no matching function for call to ‘v8::FunctionTemplate::New(v8::Isolate*&, void (&)(int))’
             reqTemplateLocal->PrototypeTemplate()->Set(String::NewFromUtf8(isolate, "resume"), FunctionTemplate::New(isolate, Request::resume));
                                                                                                                                              ^
../src/http.h:96:142: note: candidate is:
In file included from /usr/include/node/node.h:62:0,
                 from ../src/addon.h:1,
                 from ../src/addon.cpp:2:
/usr/include/node/v8.h:2259:34: note: static v8::Local<v8::FunctionTemplate> v8::FunctionTemplate::New(v8::InvocationCallback, v8::Handle<v8::Value>, v8::Handle<v8::Signature>)
   static Local<FunctionTemplate> New(
                                  ^
/usr/include/node/v8.h:2259:34: note:   no known conversion for argument 1 from ‘v8::Isolate*’ to ‘v8::InvocationCallback {aka v8::Handle<v8::Value> (*)(const v8::Arguments&)}’
In file included from ../src/addon.cpp:3:0:
../src/http.h:97:56: error: ‘NewFromUtf8’ is not a member of ‘v8::String’
             reqTemplateLocal->PrototypeTemplate()->Set(String::NewFromUtf8(isolate, "socket"), FunctionTemplate::New(isolate, Request::socket));
                                                        ^
../src/http.h:97:142: error: no matching function for call to ‘v8::FunctionTemplate::New(v8::Isolate*&, void (&)(int))’
             reqTemplateLocal->PrototypeTemplate()->Set(String::NewFromUtf8(isolate, "socket"), FunctionTemplate::New(isolate, Request::socket));
                                                                                                                                              ^
../src/http.h:97:142: note: candidate is:
In file included from /usr/include/node/node.h:62:0,
                 from ../src/addon.h:1,
                 from ../src/addon.cpp:2:
/usr/include/node/v8.h:2259:34: note: static v8::Local<v8::FunctionTemplate> v8::FunctionTemplate::New(v8::InvocationCallback, v8::Handle<v8::Value>, v8::Handle<v8::Signature>)
   static Local<FunctionTemplate> New(
                                  ^
/usr/include/node/v8.h:2259:34: note:   no known conversion for argument 1 from ‘v8::Isolate*’ to ‘v8::InvocationCallback {aka v8::Handle<v8::Value> (*)(const v8::Arguments&)}’
In file included from ../src/addon.cpp:3:0:
../src/http.h:101:80: error: no matching function for call to ‘v8::ObjectTemplate::New(v8::Isolate*&)’
             Local<ObjectTemplate> headersTemplate = ObjectTemplate::New(isolate);
                                                                                ^
../src/http.h:101:80: note: candidates are:
In file included from /usr/include/node/node.h:62:0,
                 from ../src/addon.h:1,
                 from ../src/addon.cpp:2:
/usr/include/node/v8.h:2358:32: note: static v8::Local<v8::ObjectTemplate> v8::ObjectTemplate::New()
   static Local<ObjectTemplate> New();
                                ^
/usr/include/node/v8.h:2358:32: note:   candidate expects 0 arguments, 1 provided
/usr/include/node/v8.h:2497:32: note: static v8::Local<v8::ObjectTemplate> v8::ObjectTemplate::New(v8::Handle<v8::FunctionTemplate>)
   static Local<ObjectTemplate> New(Handle<FunctionTemplate> constructor);
                                ^
/usr/include/node/v8.h:2497:32: note:   no known conversion for argument 1 from ‘v8::Isolate*’ to ‘v8::Handle<v8::FunctionTemplate>’
In file included from ../src/addon.cpp:3:0:
../src/http.h:102:70: error: invalid conversion from ‘void (*)(v8::Local<v8::String>, int)’ to ‘v8::NamedPropertyGetter {aka v8::Handle<v8::Value> (*)(v8::Local<v8::String>, const v8::AccessorInfo&)}’ [-fpermissive]
             headersTemplate->SetNamedPropertyHandler(Request::headers);
                                                                      ^
In file included from /usr/include/node/node.h:62:0,
                 from ../src/addon.h:1,
                 from ../src/addon.cpp:2:
/usr/include/node/v8.h:2418:8: error:   initializing argument 1 of ‘void v8::ObjectTemplate::SetNamedPropertyHandler(v8::NamedPropertyGetter, v8::NamedPropertySetter, v8::NamedPropertyQuery, v8::NamedPropertyDeleter, v8::NamedPropertyEnumerator, v8::Handle<v8::Value>)’ [-fpermissive]
   void SetNamedPropertyHandler(NamedPropertyGetter getter,
        ^
In file included from ../src/addon.cpp:3:0:
../src/http.h:104:33: error: ‘NewFromUtf8’ is not a member of ‘v8::String’
             reqObjectLocal->Set(String::NewFromUtf8(isolate, "headers"), headersTemplate->NewInstance());
                                 ^
../src/http.h: In static member function ‘static void HttpServer::Response::on(int)’:
../src/http.h:111:36: error: ‘args’ was not declared in this scope
             NativeString eventName(args[0]);
                                    ^
../src/http.h: In static member function ‘static void HttpServer::Response::end(int)’:
../src/http.h:121:60: error: ‘args’ was not declared in this scope
             uWS::HttpResponse *res = (uWS::HttpResponse *) args.Holder()->GetAlignedPointerFromInternalField(0);
                                                            ^
../src/http.h:125:58: error: ‘class v8::Persistent<v8::Object>’ has no member named ‘Reset’
                 ((Persistent<Object> *) &res->userData)->Reset();
                                                          ^
../src/http.h:127:63: error: ‘class v8::Persistent<v8::Object>’ has no member named ‘Reset’
                 ((Persistent<Object> *) &res->extraUserData)->Reset();
                                                               ^
../src/http.h: In static member function ‘static void HttpServer::Response::writeHead(int)’:
../src/http.h:135:60: error: ‘args’ was not declared in this scope
             uWS::HttpResponse *res = (uWS::HttpResponse *) args.Holder()->GetAlignedPointerFromInternalField(0);
                                                            ^
../src/http.h:149:57: warning: comparison between signed and unsigned integer expressions [-Wsign-compare]
                     for (int i = 0; i < headers->Length(); i++) {
                                                         ^
../src/http.h: In static member function ‘static void HttpServer::Response::write(int)’:
../src/http.h:170:60: error: ‘args’ was not declared in this scope
             uWS::HttpResponse *res = (uWS::HttpResponse *) args.Holder()->GetAlignedPointerFromInternalField(0);
                                                            ^
../src/http.h: In static member function ‘static v8::Local<v8::Object> HttpServer::Response::getTemplateObject(v8::Isolate*)’:
../src/http.h:187:85: error: no matching function for call to ‘v8::FunctionTemplate::New(v8::Isolate*&)’
             Local<FunctionTemplate> resTemplateLocal = FunctionTemplate::New(isolate);
                                                                                     ^
../src/http.h:187:85: note: candidate is:
In file included from /usr/include/node/node.h:62:0,
                 from ../src/addon.h:1,
                 from ../src/addon.cpp:2:
/usr/include/node/v8.h:2259:34: note: static v8::Local<v8::FunctionTemplate> v8::FunctionTemplate::New(v8::InvocationCallback, v8::Handle<v8::Value>, v8::Handle<v8::Signature>)
   static Local<FunctionTemplate> New(
                                  ^
/usr/include/node/v8.h:2259:34: note:   no known conversion for argument 1 from ‘v8::Isolate*’ to ‘v8::InvocationCallback {aka v8::Handle<v8::Value> (*)(const v8::Arguments&)}’
In file included from ../src/addon.cpp:3:0:
../src/http.h:188:44: error: ‘NewFromUtf8’ is not a member of ‘v8::String’
             resTemplateLocal->SetClassName(String::NewFromUtf8(isolate, "uws.Response"));
                                            ^
../src/http.h:190:56: error: ‘NewFromUtf8’ is not a member of ‘v8::String’
             resTemplateLocal->PrototypeTemplate()->Set(String::NewFromUtf8(isolate, "end"), FunctionTemplate::New(isolate, Response::end));
                                                        ^
../src/http.h:190:137: error: no matching function for call to ‘v8::FunctionTemplate::New(v8::Isolate*&, void (&)(int))’
             resTemplateLocal->PrototypeTemplate()->Set(String::NewFromUtf8(isolate, "end"), FunctionTemplate::New(isolate, Response::end));
                                                                                                                                         ^
../src/http.h:190:137: note: candidate is:
In file included from /usr/include/node/node.h:62:0,
                 from ../src/addon.h:1,
                 from ../src/addon.cpp:2:
/usr/include/node/v8.h:2259:34: note: static v8::Local<v8::FunctionTemplate> v8::FunctionTemplate::New(v8::InvocationCallback, v8::Handle<v8::Value>, v8::Handle<v8::Signature>)
   static Local<FunctionTemplate> New(
                                  ^
/usr/include/node/v8.h:2259:34: note:   no known conversion for argument 1 from ‘v8::Isolate*’ to ‘v8::InvocationCallback {aka v8::Handle<v8::Value> (*)(const v8::Arguments&)}’
In file included from ../src/addon.cpp:3:0:
../src/http.h:191:56: error: ‘NewFromUtf8’ is not a member of ‘v8::String’
             resTemplateLocal->PrototypeTemplate()->Set(String::NewFromUtf8(isolate, "writeHead"), FunctionTemplate::New(isolate, Response::writeHead));
                                                        ^
../src/http.h:191:149: error: no matching function for call to ‘v8::FunctionTemplate::New(v8::Isolate*&, void (&)(int))’
             resTemplateLocal->PrototypeTemplate()->Set(String::NewFromUtf8(isolate, "writeHead"), FunctionTemplate::New(isolate, Response::writeHead));
                                                                                                                                                     ^
../src/http.h:191:149: note: candidate is:
In file included from /usr/include/node/node.h:62:0,
                 from ../src/addon.h:1,
                 from ../src/addon.cpp:2:
/usr/include/node/v8.h:2259:34: note: static v8::Local<v8::FunctionTemplate> v8::FunctionTemplate::New(v8::InvocationCallback, v8::Handle<v8::Value>, v8::Handle<v8::Signature>)
   static Local<FunctionTemplate> New(
                                  ^
/usr/include/node/v8.h:2259:34: note:   no known conversion for argument 1 from ‘v8::Isolate*’ to ‘v8::InvocationCallback {aka v8::Handle<v8::Value> (*)(const v8::Arguments&)}’
In file included from ../src/addon.cpp:3:0:
../src/http.h:192:56: error: ‘NewFromUtf8’ is not a member of ‘v8::String’
             resTemplateLocal->PrototypeTemplate()->Set(String::NewFromUtf8(isolate, "write"), FunctionTemplate::New(isolate, Response::write));
                                                        ^
../src/http.h:192:141: error: no matching function for call to ‘v8::FunctionTemplate::New(v8::Isolate*&, void (&)(int))’
             resTemplateLocal->PrototypeTemplate()->Set(String::NewFromUtf8(isolate, "write"), FunctionTemplate::New(isolate, Response::write));
                                                                                                                                             ^
../src/http.h:192:141: note: candidate is:
In file included from /usr/include/node/node.h:62:0,
                 from ../src/addon.h:1,
                 from ../src/addon.cpp:2:
/usr/include/node/v8.h:2259:34: note: static v8::Local<v8::FunctionTemplate> v8::FunctionTemplate::New(v8::InvocationCallback, v8::Handle<v8::Value>, v8::Handle<v8::Signature>)
   static Local<FunctionTemplate> New(
                                  ^
/usr/include/node/v8.h:2259:34: note:   no known conversion for argument 1 from ‘v8::Isolate*’ to ‘v8::InvocationCallback {aka v8::Handle<v8::Value> (*)(const v8::Arguments&)}’
In file included from ../src/addon.cpp:3:0:
../src/http.h:193:56: error: ‘NewFromUtf8’ is not a member of ‘v8::String’
             resTemplateLocal->PrototypeTemplate()->Set(String::NewFromUtf8(isolate, "on"), FunctionTemplate::New(isolate, Response::on));
                                                        ^
../src/http.h:193:135: error: no matching function for call to ‘v8::FunctionTemplate::New(v8::Isolate*&, void (&)(int))’
             resTemplateLocal->PrototypeTemplate()->Set(String::NewFromUtf8(isolate, "on"), FunctionTemplate::New(isolate, Response::on));
                                                                                                                                       ^
../src/http.h:193:135: note: candidate is:
In file included from /usr/include/node/node.h:62:0,
                 from ../src/addon.h:1,
                 from ../src/addon.cpp:2:
/usr/include/node/v8.h:2259:34: note: static v8::Local<v8::FunctionTemplate> v8::FunctionTemplate::New(v8::InvocationCallback, v8::Handle<v8::Value>, v8::Handle<v8::Signature>)
   static Local<FunctionTemplate> New(
                                  ^
/usr/include/node/v8.h:2259:34: note:   no known conversion for argument 1 from ‘v8::Isolate*’ to ‘v8::InvocationCallback {aka v8::Handle<v8::Value> (*)(const v8::Arguments&)}’
In file included from ../src/addon.cpp:3:0:
../src/http.h:194:56: error: ‘NewFromUtf8’ is not a member of ‘v8::String’
             resTemplateLocal->PrototypeTemplate()->Set(String::NewFromUtf8(isolate, "setHeader"), FunctionTemplate::New(isolate, Response::setHeader));
                                                        ^
../src/http.h:194:149: error: no matching function for call to ‘v8::FunctionTemplate::New(v8::Isolate*&, void (&)(int))’
             resTemplateLocal->PrototypeTemplate()->Set(String::NewFromUtf8(isolate, "setHeader"), FunctionTemplate::New(isolate, Response::setHeader));
                                                                                                                                                     ^
../src/http.h:194:149: note: candidate is:
In file included from /usr/include/node/node.h:62:0,
                 from ../src/addon.h:1,
                 from ../src/addon.cpp:2:
/usr/include/node/v8.h:2259:34: note: static v8::Local<v8::FunctionTemplate> v8::FunctionTemplate::New(v8::InvocationCallback, v8::Handle<v8::Value>, v8::Handle<v8::Signature>)
   static Local<FunctionTemplate> New(
                                  ^
/usr/include/node/v8.h:2259:34: note:   no known conversion for argument 1 from ‘v8::Isolate*’ to ‘v8::InvocationCallback {aka v8::Handle<v8::Value> (*)(const v8::Arguments&)}’
In file included from ../src/addon.cpp:3:0:
../src/http.h:195:56: error: ‘NewFromUtf8’ is not a member of ‘v8::String’
             resTemplateLocal->PrototypeTemplate()->Set(String::NewFromUtf8(isolate, "getHeader"), FunctionTemplate::New(isolate, Response::getHeader));
                                                        ^
../src/http.h:195:149: error: no matching function for call to ‘v8::FunctionTemplate::New(v8::Isolate*&, void (&)(int))’
             resTemplateLocal->PrototypeTemplate()->Set(String::NewFromUtf8(isolate, "getHeader"), FunctionTemplate::New(isolate, Response::getHeader));
                                                                                                                                                     ^
../src/http.h:195:149: note: candidate is:
In file included from /usr/include/node/node.h:62:0,
                 from ../src/addon.h:1,
                 from ../src/addon.cpp:2:
/usr/include/node/v8.h:2259:34: note: static v8::Local<v8::FunctionTemplate> v8::FunctionTemplate::New(v8::InvocationCallback, v8::Handle<v8::Value>, v8::Handle<v8::Signature>)
   static Local<FunctionTemplate> New(
                                  ^
/usr/include/node/v8.h:2259:34: note:   no known conversion for argument 1 from ‘v8::Isolate*’ to ‘v8::InvocationCallback {aka v8::Handle<v8::Value> (*)(const v8::Arguments&)}’
In file included from ../src/addon.cpp:3:0:
../src/http.h: In static member function ‘static void HttpServer::createServer(int)’:
../src/http.h:208:28: error: ‘args’ was not declared in this scope
         Isolate *isolate = args.GetIsolate();
                            ^
../src/http.h:210:30: error: ‘class v8::Persistent<v8::Function>’ has no member named ‘Reset’
         httpRequestCallback->Reset(isolate, Local<Function>::Cast(args[0]));
                              ^
../src/http.h: In lambda function:
../src/http.h:212:35: error: no matching function for call to ‘v8::HandleScope::HandleScope(v8::Isolate* const&)’
             HandleScope hs(isolate);
                                   ^
../src/http.h:212:35: note: candidates are:
In file included from /usr/include/node/node.h:62:0,
                 from ../src/addon.h:1,
                 from ../src/addon.cpp:2:
/usr/include/node/v8.h:473:3: note: v8::HandleScope::HandleScope(const v8::HandleScope&)
   HandleScope(const HandleScope&);
   ^
/usr/include/node/v8.h:473:3: note:   no known conversion for argument 1 from ‘v8::Isolate* const’ to ‘const v8::HandleScope&’
/usr/include/node/v8.h:448:3: note: v8::HandleScope::HandleScope()
   HandleScope();
   ^
/usr/include/node/v8.h:448:3: note:   candidate expects 0 arguments, 1 provided
In file included from ../src/addon.cpp:3:0:
../src/http.h:216:78: error: no matching function for call to ‘v8::Local<v8::Object>::New(v8::Isolate* const&, v8::Persistent<v8::Object>&)’
             Local<Object> reqObject = Local<Object>::New(isolate, reqTemplate)->Clone();
                                                                              ^
../src/http.h:216:78: note: candidate is:
In file included from /usr/include/node/node.h:62:0,
                 from ../src/addon.h:1,
                 from ../src/addon.cpp:2:
/usr/include/node/v8.h:4212:10: note: static v8::Local<T> v8::Local<T>::New(v8::Handle<T>) [with T = v8::Object]
 Local<T> Local<T>::New(Handle<T> that) {
          ^
/usr/include/node/v8.h:4212:10: note:   candidate expects 1 argument, 2 provided
In file included from ../src/addon.cpp:3:0:
../src/http.h:217:24: error: ‘class v8::Object’ has no member named ‘SetAlignedPointerInInternalField’
             reqObject->SetAlignedPointerInInternalField(0, &req);
                        ^
../src/http.h:218:76: error: no matching function for call to ‘v8::Persistent<v8::Object>::Persistent(v8::Isolate* const&, v8::Local<v8::Object>&)’
             new (&res->extraUserData) Persistent<Object>(isolate, reqObject);
                                                                            ^
../src/http.h:218:76: note: candidates are:
In file included from /usr/include/node/node.h:62:0,
                 from ../src/addon.h:1,
                 from ../src/addon.cpp:2:
/usr/include/node/v8.h:355:38: note: template<class S> v8::Persistent<T>::Persistent(v8::Handle<S>)
   template <class S> explicit inline Persistent(Handle<S> that)
                                      ^
/usr/include/node/v8.h:355:38: note:   template argument deduction/substitution failed:
In file included from ../src/addon.cpp:3:0:
../src/http.h:218:76: note:   mismatched types ‘v8::Handle<T>’ and ‘v8::Isolate*’
             new (&res->extraUserData) Persistent<Object>(isolate, reqObject);
                                                                            ^
In file included from /usr/include/node/node.h:62:0,
                 from ../src/addon.h:1,
                 from ../src/addon.cpp:2:
/usr/include/node/v8.h:349:29: note: template<class S> v8::Persistent<T>::Persistent(S*)
   template <class S> inline Persistent(S* that) : Handle<T>(that) { }
                             ^
/usr/include/node/v8.h:349:29: note:   template argument deduction/substitution failed:
In file included from ../src/addon.cpp:3:0:
../src/http.h:218:76: note:   candidate expects 1 argument, 2 provided
             new (&res->extraUserData) Persistent<Object>(isolate, reqObject);
                                                                            ^
In file included from /usr/include/node/node.h:62:0,
                 from ../src/addon.h:1,
                 from ../src/addon.cpp:2:
/usr/include/node/v8.h:339:29: note: template<class S> v8::Persistent<T>::Persistent(v8::Persistent<S>)
   template <class S> inline Persistent(Persistent<S> that)
                             ^
/usr/include/node/v8.h:339:29: note:   template argument deduction/substitution failed:
In file included from ../src/addon.cpp:3:0:
../src/http.h:218:76: note:   mismatched types ‘v8::Persistent<S>’ and ‘v8::Isolate*’
             new (&res->extraUserData) Persistent<Object>(isolate, reqObject);
                                                                            ^
In file included from /usr/include/node/node.h:62:0,
                 from ../src/addon.h:1,
                 from ../src/addon.cpp:2:
/usr/include/node/v8.h:4261:1: note: v8::Persistent<T>::Persistent() [with T = v8::Object]
 Persistent<T>::Persistent() : Handle<T>() { }
 ^
/usr/include/node/v8.h:4261:1: note:   candidate expects 0 arguments, 2 provided
/usr/include/node/v8.h:320:26: note: constexpr v8::Persistent<v8::Object>::Persistent(const v8::Persistent<v8::Object>&)
 template <class T> class Persistent : public Handle<T> {
                          ^
/usr/include/node/v8.h:320:26: note:   candidate expects 1 argument, 2 provided
/usr/include/node/v8.h:320:26: note: constexpr v8::Persistent<v8::Object>::Persistent(v8::Persistent<v8::Object>&&)
/usr/include/node/v8.h:320:26: note:   candidate expects 1 argument, 2 provided
In file included from ../src/addon.cpp:3:0:
../src/http.h:220:78: error: no matching function for call to ‘v8::Local<v8::Object>::New(v8::Isolate* const&, v8::Persistent<v8::Object>&)’
             Local<Object> resObject = Local<Object>::New(isolate, resTemplate)->Clone();
                                                                              ^
../src/http.h:220:78: note: candidate is:
In file included from /usr/include/node/node.h:62:0,
                 from ../src/addon.h:1,
                 from ../src/addon.cpp:2:
/usr/include/node/v8.h:4212:10: note: static v8::Local<T> v8::Local<T>::New(v8::Handle<T>) [with T = v8::Object]
 Local<T> Local<T>::New(Handle<T> that) {
          ^
/usr/include/node/v8.h:4212:10: note:   candidate expects 1 argument, 2 provided
In file included from ../src/addon.cpp:3:0:
../src/http.h:221:24: error: ‘class v8::Object’ has no member named ‘SetAlignedPointerInInternalField’
             resObject->SetAlignedPointerInInternalField(0, res);
                        ^
../src/http.h:222:71: error: no matching function for call to ‘v8::Persistent<v8::Object>::Persistent(v8::Isolate* const&, v8::Local<v8::Object>&)’
             new (&res->userData) Persistent<Object>(isolate, resObject);
                                                                       ^
../src/http.h:222:71: note: candidates are:
In file included from /usr/include/node/node.h:62:0,
                 from ../src/addon.h:1,
                 from ../src/addon.cpp:2:
/usr/include/node/v8.h:355:38: note: template<class S> v8::Persistent<T>::Persistent(v8::Handle<S>)
   template <class S> explicit inline Persistent(Handle<S> that)
                                      ^
/usr/include/node/v8.h:355:38: note:   template argument deduction/substitution failed:
In file included from ../src/addon.cpp:3:0:
../src/http.h:222:71: note:   mismatched types ‘v8::Handle<T>’ and ‘v8::Isolate*’
             new (&res->userData) Persistent<Object>(isolate, resObject);
                                                                       ^
In file included from /usr/include/node/node.h:62:0,
                 from ../src/addon.h:1,
                 from ../src/addon.cpp:2:
/usr/include/node/v8.h:349:29: note: template<class S> v8::Persistent<T>::Persistent(S*)
   template <class S> inline Persistent(S* that) : Handle<T>(that) { }
                             ^
/usr/include/node/v8.h:349:29: note:   template argument deduction/substitution failed:
In file included from ../src/addon.cpp:3:0:
../src/http.h:222:71: note:   candidate expects 1 argument, 2 provided
             new (&res->userData) Persistent<Object>(isolate, resObject);
                                                                       ^
In file included from /usr/include/node/node.h:62:0,
                 from ../src/addon.h:1,
                 from ../src/addon.cpp:2:
/usr/include/node/v8.h:339:29: note: template<class S> v8::Persistent<T>::Persistent(v8::Persistent<S>)
   template <class S> inline Persistent(Persistent<S> that)
                             ^
/usr/include/node/v8.h:339:29: note:   template argument deduction/substitution failed:
In file included from ../src/addon.cpp:3:0:
../src/http.h:222:71: note:   mismatched types ‘v8::Persistent<S>’ and ‘v8::Isolate*’
             new (&res->userData) Persistent<Object>(isolate, resObject);
                                                                       ^
In file included from /usr/include/node/node.h:62:0,
                 from ../src/addon.h:1,
                 from ../src/addon.cpp:2:
/usr/include/node/v8.h:4261:1: note: v8::Persistent<T>::Persistent() [with T = v8::Object]
 Persistent<T>::Persistent() : Handle<T>() { }
 ^
/usr/include/node/v8.h:4261:1: note:   candidate expects 0 arguments, 2 provided
/usr/include/node/v8.h:320:26: note: constexpr v8::Persistent<v8::Object>::Persistent(const v8::Persistent<v8::Object>&)
 template <class T> class Persistent : public Handle<T> {
                          ^
/usr/include/node/v8.h:320:26: note:   candidate expects 1 argument, 2 provided
/usr/include/node/v8.h:320:26: note: constexpr v8::Persistent<v8::Object>::Persistent(v8::Persistent<v8::Object>&&)
/usr/include/node/v8.h:320:26: note:   candidate expects 1 argument, 2 provided
In file included from ../src/addon.cpp:3:0:
../src/http.h:226:24: error: ‘class v8::Object’ has no member named ‘SetAlignedPointerInInternalField’
             reqObject->SetAlignedPointerInInternalField(3, (void *) methodId);
                        ^
../src/http.h:227:44: error: ‘NewFromOneByte’ is not a member of ‘v8::String’
             reqObject->SetInternalField(4, String::NewFromOneByte(isolate, (uint8_t *) req.getUrl().value, String::kNormalString, req.getUrl().valueLength));
                                            ^
../src/http.h:227:108: error: ‘kNormalString’ is not a member of ‘v8::String’
             reqObject->SetInternalField(4, String::NewFromOneByte(isolate, (uint8_t *) req.getUrl().value, String::kNormalString, req.getUrl().valueLength));
                                                                                                            ^
../src/http.h:230:63: error: no matching function for call to ‘v8::Local<v8::Function>::New(v8::Isolate* const&, v8::Persistent<v8::Function>&)’
             Local<Function>::New(isolate, *httpRequestCallback)->Call(isolate->GetCurrentContext()->Global(), 2, argv);
                                                               ^
../src/http.h:230:63: note: candidate is:
In file included from /usr/include/node/node.h:62:0,
                 from ../src/addon.h:1,
                 from ../src/addon.cpp:2:
/usr/include/node/v8.h:4212:10: note: static v8::Local<T> v8::Local<T>::New(v8::Handle<T>) [with T = v8::Function]
 Local<T> Local<T>::New(Handle<T> that) {
          ^
/usr/include/node/v8.h:4212:10: note:   candidate expects 1 argument, 2 provided
In file included from ../src/addon.cpp:3:0:
../src/http.h:230:80: error: ‘class v8::Isolate’ has no member named ‘GetCurrentContext’
             Local<Function>::New(isolate, *httpRequestCallback)->Call(isolate->GetCurrentContext()->Global(), 2, argv);
                                                                                ^
../src/http.h:235:44: error: ‘ArrayBuffer’ has not been declared
                     Local<Value> argv[] = {ArrayBuffer::New(isolate, data, length)};
                                            ^
../src/http.h:236:72: error: ‘class v8::Isolate’ has no member named ‘GetCurrentContext’
                     Local<Function>::Cast(dataCallback)->Call(isolate->GetCurrentContext()->Global(), 1, argv);
                                                                        ^
../src/http.h:242:75: error: ‘class v8::Isolate’ has no member named ‘GetCurrentContext’
                         Local<Function>::Cast(endCallback)->Call(isolate->GetCurrentContext()->Global(), 0, nullptr);
                                                                           ^
../src/http.h:248:24: error: ‘class v8::Object’ has no member named ‘SetAlignedPointerInInternalField’
             reqObject->SetAlignedPointerInInternalField(0, nullptr);
                        ^
../src/http.h: In lambda function:
../src/http.h:252:35: error: no matching function for call to ‘v8::HandleScope::HandleScope(v8::Isolate* const&)’
             HandleScope hs(isolate);
                                   ^
../src/http.h:252:35: note: candidates are:
In file included from /usr/include/node/node.h:62:0,
                 from ../src/addon.h:1,
                 from ../src/addon.cpp:2:
/usr/include/node/v8.h:473:3: note: v8::HandleScope::HandleScope(const v8::HandleScope&)
   HandleScope(const HandleScope&);
   ^
/usr/include/node/v8.h:473:3: note:   no known conversion for argument 1 from ‘v8::Isolate* const’ to ‘const v8::HandleScope&’
/usr/include/node/v8.h:448:3: note: v8::HandleScope::HandleScope()
   HandleScope();
   ^
/usr/include/node/v8.h:448:3: note:   candidate expects 0 arguments, 1 provided
In file included from ../src/addon.cpp:3:0:
../src/http.h:255:105: error: no matching function for call to ‘v8::Local<v8::Object>::New(v8::Isolate* const&, v8::Persistent<v8::Object>&)’
             Local<Object> resObject = Local<Object>::New(isolate, *(Persistent<Object> *) &res->userData);
                                                                                                         ^
../src/http.h:255:105: note: candidate is:
In file included from /usr/include/node/node.h:62:0,
                 from ../src/addon.h:1,
                 from ../src/addon.cpp:2:
/usr/include/node/v8.h:4212:10: note: static v8::Local<T> v8::Local<T>::New(v8::Handle<T>) [with T = v8::Object]
 Local<T> Local<T>::New(Handle<T> that) {
          ^
/usr/include/node/v8.h:4212:10: note:   candidate expects 1 argument, 2 provided
In file included from ../src/addon.cpp:3:0:
../src/http.h:256:24: error: ‘class v8::Object’ has no member named ‘SetAlignedPointerInInternalField’
             resObject->SetAlignedPointerInInternalField(0, nullptr);
                        ^
../src/http.h:259:110: error: no matching function for call to ‘v8::Local<v8::Object>::New(v8::Isolate* const&, v8::Persistent<v8::Object>&)’
             Local<Object> reqObject = Local<Object>::New(isolate, *(Persistent<Object> *) &res->extraUserData);
                                                                                                              ^
../src/http.h:259:110: note: candidate is:
In file included from /usr/include/node/node.h:62:0,
                 from ../src/addon.h:1,
                 from ../src/addon.cpp:2:
/usr/include/node/v8.h:4212:10: note: static v8::Local<T> v8::Local<T>::New(v8::Handle<T>) [with T = v8::Object]
 Local<T> Local<T>::New(Handle<T> that) {
          ^
/usr/include/node/v8.h:4212:10: note:   candidate expects 1 argument, 2 provided
In file included from ../src/addon.cpp:3:0:
../src/http.h:260:24: error: ‘class v8::Object’ has no member named ‘SetAlignedPointerInInternalField’
             reqObject->SetAlignedPointerInInternalField(0, nullptr);
                        ^
../src/http.h:265:69: error: ‘class v8::Isolate’ has no member named ‘GetCurrentContext’
                 Local<Function>::Cast(closeCallback)->Call(isolate->GetCurrentContext()->Global(), 0, nullptr);
                                                                     ^
../src/http.h:268:54: error: ‘class v8::Persistent<v8::Object>’ has no member named ‘Reset’
             ((Persistent<Object> *) &res->userData)->Reset();
                                                      ^
../src/http.h:270:59: error: ‘class v8::Persistent<v8::Object>’ has no member named ‘Reset’
             ((Persistent<Object> *) &res->extraUserData)->Reset();
                                                           ^
../src/http.h: In lambda function:
../src/http.h:275:109: error: no matching function for call to ‘v8::Local<v8::Object>::New(v8::Isolate* const&, v8::Persistent<v8::Object>&)’
             Local<Object> reqObject = Local<Object>::New(isolate, *(Persistent<Object> *) res->extraUserData);
                                                                                                             ^
../src/http.h:275:109: note: candidate is:
In file included from /usr/include/node/node.h:62:0,
                 from ../src/addon.h:1,
                 from ../src/addon.cpp:2:
/usr/include/node/v8.h:4212:10: note: static v8::Local<T> v8::Local<T>::New(v8::Handle<T>) [with T = v8::Object]
 Local<T> Local<T>::New(Handle<T> that) {
          ^
/usr/include/node/v8.h:4212:10: note:   candidate expects 1 argument, 2 provided
In file included from ../src/addon.cpp:3:0:
../src/http.h:279:40: error: ‘ArrayBuffer’ has not been declared
                 Local<Value> argv[] = {ArrayBuffer::New(isolate, data, length)};
                                        ^
../src/http.h:280:68: error: ‘class v8::Isolate’ has no member named ‘GetCurrentContext’
                 Local<Function>::Cast(dataCallback)->Call(isolate->GetCurrentContext()->Global(), 1, argv);
                                                                    ^
../src/http.h:286:71: error: ‘class v8::Isolate’ has no member named ‘GetCurrentContext’
                     Local<Function>::Cast(endCallback)->Call(isolate->GetCurrentContext()->Global(), 0, nullptr);
                                                                       ^
../src/http.h: In static member function ‘static void HttpServer::createServer(int)’:
../src/http.h:298:22: error: ‘class v8::Object’ has no member named ‘SetAlignedPointerInInternalField’
         newInstance->SetAlignedPointerInInternalField(0, group);
                      ^
../src/http.h: In static member function ‘static void HttpServer::on(int)’:
../src/http.h:302:32: error: ‘args’ was not declared in this scope
         NativeString eventName(args[0]);
                                ^
../src/http.h: In static member function ‘static void HttpServer::listen(int)’:
../src/http.h:307:70: error: ‘args’ was not declared in this scope
         uWS::Group<uWS::SERVER> *group = (uWS::Group<uWS::SERVER> *) args.Holder()->GetAlignedPointerFromInternalField(0);
                                                                      ^
../src/http.h: In static member function ‘static void HttpServer::getExpressApp(int)’:
../src/http.h:317:28: error: ‘args’ was not declared in this scope
         Isolate *isolate = args.GetIsolate();
                            ^
../src/http.h:320:26: error: ‘NewFromUtf8’ is not a member of ‘v8::String’
             express->Get(String::NewFromUtf8(isolate, "request"))->ToObject()->SetPrototype(Local<Object>::New(args.GetIsolate(), reqTemplate)->GetPrototype());
                          ^
../src/http.h:321:26: error: ‘NewFromUtf8’ is not a member of ‘v8::String’
             express->Get(String::NewFromUtf8(isolate, "response"))->ToObject()->SetPrototype(Local<Object>::New(args.GetIsolate(), resTemplate)->GetPrototype());
                          ^
../src/http.h: In static member function ‘static void HttpServer::getResponsePrototype(int)’:
../src/http.h:332:9: error: ‘args’ was not declared in this scope
         args.GetReturnValue().Set(Local<Object>::New(args.GetIsolate(), resTemplate)->GetPrototype());
         ^
../src/http.h: In static member function ‘static void HttpServer::getRequestPrototype(int)’:
../src/http.h:336:9: error: ‘args’ was not declared in this scope
         args.GetReturnValue().Set(Local<Object>::New(args.GetIsolate(), reqTemplate)->GetPrototype());
         ^
../src/http.h: In static member function ‘static v8::Local<v8::Function> HttpServer::getHttpServer(v8::Isolate*)’:
../src/http.h:340:101: error: no matching function for call to ‘v8::FunctionTemplate::New(v8::Isolate*&, void (&)(int))’
         Local<FunctionTemplate> httpServer = FunctionTemplate::New(isolate, HttpServer::createServer);
                                                                                                     ^
../src/http.h:340:101: note: candidate is:
In file included from /usr/include/node/node.h:62:0,
                 from ../src/addon.h:1,
                 from ../src/addon.cpp:2:
/usr/include/node/v8.h:2259:34: note: static v8::Local<v8::FunctionTemplate> v8::FunctionTemplate::New(v8::InvocationCallback, v8::Handle<v8::Value>, v8::Handle<v8::Signature>)
   static Local<FunctionTemplate> New(
                                  ^
/usr/include/node/v8.h:2259:34: note:   no known conversion for argument 1 from ‘v8::Isolate*’ to ‘v8::InvocationCallback {aka v8::Handle<v8::Value> (*)(const v8::Arguments&)}’
In file included from ../src/addon.cpp:3:0:
../src/http.h:343:25: error: ‘NewFromUtf8’ is not a member of ‘v8::String’
         httpServer->Set(String::NewFromUtf8(isolate, "createServer"), FunctionTemplate::New(isolate, HttpServer::createServer));
                         ^
../src/http.h:343:126: error: no matching function for call to ‘v8::FunctionTemplate::New(v8::Isolate*&, void (&)(int))’
         httpServer->Set(String::NewFromUtf8(isolate, "createServer"), FunctionTemplate::New(isolate, HttpServer::createServer));
                                                                                                                              ^
../src/http.h:343:126: note: candidate is:
In file included from /usr/include/node/node.h:62:0,
                 from ../src/addon.h:1,
                 from ../src/addon.cpp:2:
/usr/include/node/v8.h:2259:34: note: static v8::Local<v8::FunctionTemplate> v8::FunctionTemplate::New(v8::InvocationCallback, v8::Handle<v8::Value>, v8::Handle<v8::Signature>)
   static Local<FunctionTemplate> New(
                                  ^
/usr/include/node/v8.h:2259:34: note:   no known conversion for argument 1 from ‘v8::Isolate*’ to ‘v8::InvocationCallback {aka v8::Handle<v8::Value> (*)(const v8::Arguments&)}’
In file included from ../src/addon.cpp:3:0:
../src/http.h:344:25: error: ‘NewFromUtf8’ is not a member of ‘v8::String’
         httpServer->Set(String::NewFromUtf8(isolate, "getExpressApp"), FunctionTemplate::New(isolate, HttpServer::getExpressApp));
                         ^
../src/http.h:344:128: error: no matching function for call to ‘v8::FunctionTemplate::New(v8::Isolate*&, void (&)(int))’
         httpServer->Set(String::NewFromUtf8(isolate, "getExpressApp"), FunctionTemplate::New(isolate, HttpServer::getExpressApp));
                                                                                                                                ^
../src/http.h:344:128: note: candidate is:
In file included from /usr/include/node/node.h:62:0,
                 from ../src/addon.h:1,
                 from ../src/addon.cpp:2:
/usr/include/node/v8.h:2259:34: note: static v8::Local<v8::FunctionTemplate> v8::FunctionTemplate::New(v8::InvocationCallback, v8::Handle<v8::Value>, v8::Handle<v8::Signature>)
   static Local<FunctionTemplate> New(
                                  ^
/usr/include/node/v8.h:2259:34: note:   no known conversion for argument 1 from ‘v8::Isolate*’ to ‘v8::InvocationCallback {aka v8::Handle<v8::Value> (*)(const v8::Arguments&)}’
In file included from ../src/addon.cpp:3:0:
../src/http.h:345:25: error: ‘NewFromUtf8’ is not a member of ‘v8::String’
         httpServer->Set(String::NewFromUtf8(isolate, "getResponsePrototype"), FunctionTemplate::New(isolate, HttpServer::getResponsePrototype));
                         ^
../src/http.h:345:142: error: no matching function for call to ‘v8::FunctionTemplate::New(v8::Isolate*&, void (&)(int))’
         httpServer->Set(String::NewFromUtf8(isolate, "getResponsePrototype"), FunctionTemplate::New(isolate, HttpServer::getResponsePrototype));
                                                                                                                                              ^
../src/http.h:345:142: note: candidate is:
In file included from /usr/include/node/node.h:62:0,
                 from ../src/addon.h:1,
                 from ../src/addon.cpp:2:
/usr/include/node/v8.h:2259:34: note: static v8::Local<v8::FunctionTemplate> v8::FunctionTemplate::New(v8::InvocationCallback, v8::Handle<v8::Value>, v8::Handle<v8::Signature>)
   static Local<FunctionTemplate> New(
                                  ^
/usr/include/node/v8.h:2259:34: note:   no known conversion for argument 1 from ‘v8::Isolate*’ to ‘v8::InvocationCallback {aka v8::Handle<v8::Value> (*)(const v8::Arguments&)}’
In file included from ../src/addon.cpp:3:0:
../src/http.h:346:25: error: ‘NewFromUtf8’ is not a member of ‘v8::String’
         httpServer->Set(String::NewFromUtf8(isolate, "getRequestPrototype"), FunctionTemplate::New(isolate, HttpServer::getRequestPrototype));
                         ^
../src/http.h:346:140: error: no matching function for call to ‘v8::FunctionTemplate::New(v8::Isolate*&, void (&)(int))’
         httpServer->Set(String::NewFromUtf8(isolate, "getRequestPrototype"), FunctionTemplate::New(isolate, HttpServer::getRequestPrototype));
                                                                                                                                            ^
../src/http.h:346:140: note: candidate is:
In file included from /usr/include/node/node.h:62:0,
                 from ../src/addon.h:1,
                 from ../src/addon.cpp:2:
/usr/include/node/v8.h:2259:34: note: static v8::Local<v8::FunctionTemplate> v8::FunctionTemplate::New(v8::InvocationCallback, v8::Handle<v8::Value>, v8::Handle<v8::Signature>)
   static Local<FunctionTemplate> New(
                                  ^
/usr/include/node/v8.h:2259:34: note:   no known conversion for argument 1 from ‘v8::Isolate*’ to ‘v8::InvocationCallback {aka v8::Handle<v8::Value> (*)(const v8::Arguments&)}’
In file included from ../src/addon.cpp:3:0:
../src/http.h:347:46: error: ‘NewFromUtf8’ is not a member of ‘v8::String’
         httpServer->PrototypeTemplate()->Set(String::NewFromUtf8(isolate, "listen"), FunctionTemplate::New(isolate, HttpServer::listen));
                                              ^
../src/http.h:347:135: error: no matching function for call to ‘v8::FunctionTemplate::New(v8::Isolate*&, void (&)(int))’
         httpServer->PrototypeTemplate()->Set(String::NewFromUtf8(isolate, "listen"), FunctionTemplate::New(isolate, HttpServer::listen));
                                                                                                                                       ^
../src/http.h:347:135: note: candidate is:
In file included from /usr/include/node/node.h:62:0,
                 from ../src/addon.h:1,
                 from ../src/addon.cpp:2:
/usr/include/node/v8.h:2259:34: note: static v8::Local<v8::FunctionTemplate> v8::FunctionTemplate::New(v8::InvocationCallback, v8::Handle<v8::Value>, v8::Handle<v8::Signature>)
   static Local<FunctionTemplate> New(
                                  ^
/usr/include/node/v8.h:2259:34: note:   no known conversion for argument 1 from ‘v8::Isolate*’ to ‘v8::InvocationCallback {aka v8::Handle<v8::Value> (*)(const v8::Arguments&)}’
In file included from ../src/addon.cpp:3:0:
../src/http.h:348:46: error: ‘NewFromUtf8’ is not a member of ‘v8::String’
         httpServer->PrototypeTemplate()->Set(String::NewFromUtf8(isolate, "on"), FunctionTemplate::New(isolate, HttpServer::on));
                                              ^
../src/http.h:348:127: error: no matching function for call to ‘v8::FunctionTemplate::New(v8::Isolate*&, void (&)(int))’
         httpServer->PrototypeTemplate()->Set(String::NewFromUtf8(isolate, "on"), FunctionTemplate::New(isolate, HttpServer::on));
                                                                                                                               ^
../src/http.h:348:127: note: candidate is:
In file included from /usr/include/node/node.h:62:0,
                 from ../src/addon.h:1,
                 from ../src/addon.cpp:2:
/usr/include/node/v8.h:2259:34: note: static v8::Local<v8::FunctionTemplate> v8::FunctionTemplate::New(v8::InvocationCallback, v8::Handle<v8::Value>, v8::Handle<v8::Signature>)
   static Local<FunctionTemplate> New(
                                  ^
/usr/include/node/v8.h:2259:34: note:   no known conversion for argument 1 from ‘v8::Isolate*’ to ‘v8::InvocationCallback {aka v8::Handle<v8::Value> (*)(const v8::Arguments&)}’
In file included from ../src/addon.cpp:3:0:
../src/http.h:350:21: error: ‘class v8::Persistent<v8::Object>’ has no member named ‘Reset’
         reqTemplate.Reset(isolate, Request::getTemplateObject(isolate));
                     ^
../src/http.h:351:21: error: ‘class v8::Persistent<v8::Object>’ has no member named ‘Reset’
         resTemplate.Reset(isolate, Response::getTemplateObject(isolate));
                     ^
../src/http.h:354:24: error: ‘class v8::Persistent<v8::Function>’ has no member named ‘Reset’
         httpPersistent.Reset(isolate, httpServerLocal);
                        ^
../src/addon.cpp: In function ‘void Main(v8::Local<v8::Object>)’:
../src/addon.cpp:6:33: error: ‘class v8::Object’ has no member named ‘GetIsolate’
     Isolate *isolate = exports->GetIsolate();
                                 ^
../src/addon.cpp:8:18: error: ‘NewFromUtf8’ is not a member of ‘v8::String’
     exports->Set(String::NewFromUtf8(isolate, "server"), Namespace<uWS::SERVER>(isolate).object);
                  ^
../src/addon.cpp:9:18: error: ‘NewFromUtf8’ is not a member of ‘v8::String’
     exports->Set(String::NewFromUtf8(isolate, "client"), Namespace<uWS::CLIENT>(isolate).object);
                  ^
../src/addon.cpp:10:18: error: ‘NewFromUtf8’ is not a member of ‘v8::String’
     exports->Set(String::NewFromUtf8(isolate, "httpServer"), HttpServer::getHttpServer(isolate));
                  ^
../src/addon.cpp:12:69: error: no matching function for call to ‘SetMethod(v8::Local<v8::Object>&, const char [12], <unresolved overloaded function type>)’
     NODE_SET_METHOD(exports, "setUserData", setUserData<uWS::SERVER>);
                                                                     ^
../src/addon.cpp:12:69: note: candidate is:
In file included from ../src/addon.h:1:0,
                 from ../src/addon.cpp:2:
/usr/include/node/node.h:112:6: note: template<class target_t> void node::SetMethod(target_t, const char*, v8::InvocationCallback)
 void SetMethod(target_t obj, const char* name,
      ^
/usr/include/node/node.h:112:6: note:   template argument deduction/substitution failed:
../src/addon.cpp:12:69: note:   cannot convert ‘setUserData<SERVER>’ (type ‘<unresolved overloaded function type>’) to type ‘v8::InvocationCallback {aka v8::Handle<v8::Value> (*)(const v8::Arguments&)}’
     NODE_SET_METHOD(exports, "setUserData", setUserData<uWS::SERVER>);
                                                                     ^
../src/addon.cpp:13:69: error: no matching function for call to ‘SetMethod(v8::Local<v8::Object>&, const char [12], <unresolved overloaded function type>)’
     NODE_SET_METHOD(exports, "getUserData", getUserData<uWS::SERVER>);
                                                                     ^
../src/addon.cpp:13:69: note: candidate is:
In file included from ../src/addon.h:1:0,
                 from ../src/addon.cpp:2:
/usr/include/node/node.h:112:6: note: template<class target_t> void node::SetMethod(target_t, const char*, v8::InvocationCallback)
 void SetMethod(target_t obj, const char* name,
      ^
/usr/include/node/node.h:112:6: note:   template argument deduction/substitution failed:
../src/addon.cpp:13:69: note:   cannot convert ‘getUserData<SERVER>’ (type ‘<unresolved overloaded function type>’) to type ‘v8::InvocationCallback {aka v8::Handle<v8::Value> (*)(const v8::Arguments&)}’
     NODE_SET_METHOD(exports, "getUserData", getUserData<uWS::SERVER>);
                                                                     ^
../src/addon.cpp:14:73: error: no matching function for call to ‘SetMethod(v8::Local<v8::Object>&, const char [14], <unresolved overloaded function type>)’
     NODE_SET_METHOD(exports, "clearUserData", clearUserData<uWS::SERVER>);
                                                                         ^
../src/addon.cpp:14:73: note: candidate is:
In file included from ../src/addon.h:1:0,
                 from ../src/addon.cpp:2:
/usr/include/node/node.h:112:6: note: template<class target_t> void node::SetMethod(target_t, const char*, v8::InvocationCallback)
 void SetMethod(target_t obj, const char* name,
      ^
/usr/include/node/node.h:112:6: note:   template argument deduction/substitution failed:
../src/addon.cpp:14:73: note:   cannot convert ‘clearUserData<SERVER>’ (type ‘<unresolved overloaded function type>’) to type ‘v8::InvocationCallback {aka v8::Handle<v8::Value> (*)(const v8::Arguments&)}’
     NODE_SET_METHOD(exports, "clearUserData", clearUserData<uWS::SERVER>);
                                                                         ^
../src/addon.cpp:15:67: error: no matching function for call to ‘SetMethod(v8::Local<v8::Object>&, const char [11], <unresolved overloaded function type>)’
     NODE_SET_METHOD(exports, "getAddress", getAddress<uWS::SERVER>);
                                                                   ^
../src/addon.cpp:15:67: note: candidate is:
In file included from ../src/addon.h:1:0,
                 from ../src/addon.cpp:2:
/usr/include/node/node.h:112:6: note: template<class target_t> void node::SetMethod(target_t, const char*, v8::InvocationCallback)
 void SetMethod(target_t obj, const char* name,
      ^
/usr/include/node/node.h:112:6: note:   template argument deduction/substitution failed:
../src/addon.cpp:15:67: note:   cannot convert ‘getAddress<SERVER>’ (type ‘<unresolved overloaded function type>’) to type ‘v8::InvocationCallback {aka v8::Handle<v8::Value> (*)(const v8::Arguments&)}’
     NODE_SET_METHOD(exports, "getAddress", getAddress<uWS::SERVER>);
                                                                   ^
../src/addon.cpp:17:50: error: no matching function for call to ‘SetMethod(v8::Local<v8::Object>&, const char [9], void (&)(int))’
     NODE_SET_METHOD(exports, "transfer", transfer);
                                                  ^
../src/addon.cpp:17:50: note: candidate is:
In file included from ../src/addon.h:1:0,
                 from ../src/addon.cpp:2:
/usr/include/node/node.h:112:6: note: template<class target_t> void node::SetMethod(target_t, const char*, v8::InvocationCallback)
 void SetMethod(target_t obj, const char* name,
      ^
/usr/include/node/node.h:112:6: note:   template argument deduction/substitution failed:
../src/addon.cpp:17:50: note:   cannot convert ‘transfer’ (type ‘void(int)’) to type ‘v8::InvocationCallback {aka v8::Handle<v8::Value> (*)(const v8::Arguments&)}’
     NODE_SET_METHOD(exports, "transfer", transfer);
                                                  ^
../src/addon.cpp:18:48: error: no matching function for call to ‘SetMethod(v8::Local<v8::Object>&, const char [8], void (&)(int))’
     NODE_SET_METHOD(exports, "upgrade", upgrade);
                                                ^
../src/addon.cpp:18:48: note: candidate is:
In file included from ../src/addon.h:1:0,
                 from ../src/addon.cpp:2:
/usr/include/node/node.h:112:6: note: template<class target_t> void node::SetMethod(target_t, const char*, v8::InvocationCallback)
 void SetMethod(target_t obj, const char* name,
      ^
/usr/include/node/node.h:112:6: note:   template argument deduction/substitution failed:
../src/addon.cpp:18:48: note:   cannot convert ‘upgrade’ (type ‘void(int)’) to type ‘v8::InvocationCallback {aka v8::Handle<v8::Value> (*)(const v8::Arguments&)}’
     NODE_SET_METHOD(exports, "upgrade", upgrade);
                                                ^
../src/addon.cpp:19:48: error: no matching function for call to ‘SetMethod(v8::Local<v8::Object>&, const char [8], <unresolved overloaded function type>)’
     NODE_SET_METHOD(exports, "connect", connect);
                                                ^
../src/addon.cpp:19:48: note: candidate is:
In file included from ../src/addon.h:1:0,
                 from ../src/addon.cpp:2:
/usr/include/node/node.h:112:6: note: template<class target_t> void node::SetMethod(target_t, const char*, v8::InvocationCallback)
 void SetMethod(target_t obj, const char* name,
      ^
/usr/include/node/node.h:112:6: note:   template argument deduction/substitution failed:
../src/addon.cpp:19:48: note:   cannot convert ‘connect’ (type ‘<unresolved overloaded function type>’) to type ‘v8::InvocationCallback {aka v8::Handle<v8::Value> (*)(const v8::Arguments&)}’
     NODE_SET_METHOD(exports, "connect", connect);
                                                ^
../src/addon.cpp:20:48: error: no matching function for call to ‘SetMethod(v8::Local<v8::Object>&, const char [8], void (&)(int))’
     NODE_SET_METHOD(exports, "setNoop", setNoop);
                                                ^
../src/addon.cpp:20:48: note: candidate is:
In file included from ../src/addon.h:1:0,
                 from ../src/addon.cpp:2:
/usr/include/node/node.h:112:6: note: template<class target_t> void node::SetMethod(target_t, const char*, v8::InvocationCallback)
 void SetMethod(target_t obj, const char* name,
      ^
/usr/include/node/node.h:112:6: note:   template argument deduction/substitution failed:
../src/addon.cpp:20:48: note:   cannot convert ‘setNoop’ (type ‘void(int)’) to type ‘v8::InvocationCallback {aka v8::Handle<v8::Value> (*)(const v8::Arguments&)}’
     NODE_SET_METHOD(exports, "setNoop", setNoop);
                                                ^
In file included from /usr/include/node/node.h:62:0,
                 from ../src/addon.h:1,
                 from ../src/addon.cpp:2:
/usr/include/node/v8.h: In instantiation of ‘v8::Handle<T>::Handle(v8::Handle<S>) [with S = v8::Primitive; T = v8::Object]’:
../src/addon.h:403:40:   required from here
/usr/include/node/v8.h:146:37: error: cannot convert ‘v8::Primitive*’ to ‘v8::Object* volatile’ in assignment
     *(static_cast<T* volatile*>(0)) = static_cast<S*>(0);      \
                                     ^
/usr/include/node/v8.h:203:5: note: in expansion of macro ‘TYPE_CHECK’
     TYPE_CHECK(T, S);
     ^
In file included from ../src/addon.cpp:2:0:
../src/addon.h: In instantiation of ‘Namespace<isServer>::Namespace(v8::Isolate*) [with bool isServer = true]’:
../src/addon.cpp:8:88:   required from here
../src/addon.h:433:55: error: no matching function for call to ‘SetMethod(v8::Local<v8::Object>&, const char [5], <unresolved overloaded function type>)’
         NODE_SET_METHOD(object, "send", send<isServer>);
                                                       ^
../src/addon.h:433:55: note: candidate is:
In file included from ../src/addon.h:1:0,
                 from ../src/addon.cpp:2:
/usr/include/node/node.h:112:6: note: template<class target_t> void node::SetMethod(target_t, const char*, v8::InvocationCallback)
 void SetMethod(target_t obj, const char* name,
      ^
/usr/include/node/node.h:112:6: note:   template argument deduction/substitution failed:
In file included from ../src/addon.cpp:2:0:
../src/addon.h:433:55: note:   cannot convert ‘send<true>’ (type ‘<unresolved overloaded function type>’) to type ‘v8::InvocationCallback {aka v8::Handle<v8::Value> (*)(const v8::Arguments&)}’
         NODE_SET_METHOD(object, "send", send<isServer>);
                                                       ^
../src/addon.h:434:63: error: no matching function for call to ‘SetMethod(v8::Local<v8::Object>&, const char [6], <unresolved overloaded function type>)’
         NODE_SET_METHOD(object, "close", closeSocket<isServer>);
                                                               ^
../src/addon.h:434:63: note: candidate is:
In file included from ../src/addon.h:1:0,
                 from ../src/addon.cpp:2:
/usr/include/node/node.h:112:6: note: template<class target_t> void node::SetMethod(target_t, const char*, v8::InvocationCallback)
 void SetMethod(target_t obj, const char* name,
      ^
/usr/include/node/node.h:112:6: note:   template argument deduction/substitution failed:
In file included from ../src/addon.cpp:2:0:
../src/addon.h:434:63: note:   cannot convert ‘closeSocket<true>’ (type ‘<unresolved overloaded function type>’) to type ‘v8::InvocationCallback {aka v8::Handle<v8::Value> (*)(const v8::Arguments&)}’
         NODE_SET_METHOD(object, "close", closeSocket<isServer>);
                                                               ^
../src/addon.h:435:71: error: no matching function for call to ‘SetMethod(v8::Local<v8::Object>&, const char [10], <unresolved overloaded function type>)’
         NODE_SET_METHOD(object, "terminate", terminateSocket<isServer>);
                                                                       ^
../src/addon.h:435:71: note: candidate is:
In file included from ../src/addon.h:1:0,
                 from ../src/addon.cpp:2:
/usr/include/node/node.h:112:6: note: template<class target_t> void node::SetMethod(target_t, const char*, v8::InvocationCallback)
 void SetMethod(target_t obj, const char* name,
      ^
/usr/include/node/node.h:112:6: note:   template argument deduction/substitution failed:
In file included from ../src/addon.cpp:2:0:
../src/addon.h:435:71: note:   cannot convert ‘terminateSocket<true>’ (type ‘<unresolved overloaded function type>’) to type ‘v8::InvocationCallback {aka v8::Handle<v8::Value> (*)(const v8::Arguments&)}’
         NODE_SET_METHOD(object, "terminate", terminateSocket<isServer>);
                                                                       ^
../src/addon.h:436:75: error: no matching function for call to ‘SetMethod(v8::Local<v8::Object>&, const char [15], <unresolved overloaded function type>)’
         NODE_SET_METHOD(object, "prepareMessage", prepareMessage<isServer>);
                                                                           ^
../src/addon.h:436:75: note: candidate is:
In file included from ../src/addon.h:1:0,
                 from ../src/addon.cpp:2:
/usr/include/node/node.h:112:6: note: template<class target_t> void node::SetMethod(target_t, const char*, v8::InvocationCallback)
 void SetMethod(target_t obj, const char* name,
      ^
/usr/include/node/node.h:112:6: note:   template argument deduction/substitution failed:
In file included from ../src/addon.cpp:2:0:
../src/addon.h:436:75: note:   cannot convert ‘prepareMessage<true>’ (type ‘<unresolved overloaded function type>’) to type ‘v8::InvocationCallback {aka v8::Handle<v8::Value> (*)(const v8::Arguments&)}’
         NODE_SET_METHOD(object, "prepareMessage", prepareMessage<isServer>);
                                                                           ^
../src/addon.h:437:71: error: no matching function for call to ‘SetMethod(v8::Local<v8::Object>&, const char [13], <unresolved overloaded function type>)’
         NODE_SET_METHOD(object, "sendPrepared", sendPrepared<isServer>);
                                                                       ^
../src/addon.h:437:71: note: candidate is:
In file included from ../src/addon.h:1:0,
                 from ../src/addon.cpp:2:
/usr/include/node/node.h:112:6: note: template<class target_t> void node::SetMethod(target_t, const char*, v8::InvocationCallback)
 void SetMethod(target_t obj, const char* name,
      ^
/usr/include/node/node.h:112:6: note:   template argument deduction/substitution failed:
In file included from ../src/addon.cpp:2:0:
../src/addon.h:437:71: note:   cannot convert ‘sendPrepared<true>’ (type ‘<unresolved overloaded function type>’) to type ‘v8::InvocationCallback {aka v8::Handle<v8::Value> (*)(const v8::Arguments&)}’
         NODE_SET_METHOD(object, "sendPrepared", sendPrepared<isServer>);
                                                                       ^
../src/addon.h:438:77: error: no matching function for call to ‘SetMethod(v8::Local<v8::Object>&, const char [16], <unresolved overloaded function type>)’
         NODE_SET_METHOD(object, "finalizeMessage", finalizeMessage<isServer>);
                                                                             ^
../src/addon.h:438:77: note: candidate is:
In file included from ../src/addon.h:1:0,
                 from ../src/addon.cpp:2:
/usr/include/node/node.h:112:6: note: template<class target_t> void node::SetMethod(target_t, const char*, v8::InvocationCallback)
 void SetMethod(target_t obj, const char* name,
      ^
/usr/include/node/node.h:112:6: note:   template argument deduction/substitution failed:
In file included from ../src/addon.cpp:2:0:
../src/addon.h:438:77: note:   cannot convert ‘finalizeMessage<true>’ (type ‘<unresolved overloaded function type>’) to type ‘v8::InvocationCallback {aka v8::Handle<v8::Value> (*)(const v8::Arguments&)}’
         NODE_SET_METHOD(object, "finalizeMessage", finalizeMessage<isServer>);
                                                                             ^
../src/addon.h:441:70: error: no matching function for call to ‘SetMethod(v8::Local<v8::Object>&, const char [13], <unresolved overloaded function type>)’
         NODE_SET_METHOD(group, "onConnection", onConnection<isServer>);
                                                                      ^
../src/addon.h:441:70: note: candidate is:
In file included from ../src/addon.h:1:0,
                 from ../src/addon.cpp:2:
/usr/include/node/node.h:112:6: note: template<class target_t> void node::SetMethod(target_t, const char*, v8::InvocationCallback)
 void SetMethod(target_t obj, const char* name,
      ^
/usr/include/node/node.h:112:6: note:   template argument deduction/substitution failed:
In file included from ../src/addon.cpp:2:0:
../src/addon.h:441:70: note:   cannot convert ‘onConnection<true>’ (type ‘<unresolved overloaded function type>’) to type ‘v8::InvocationCallback {aka v8::Handle<v8::Value> (*)(const v8::Arguments&)}’
         NODE_SET_METHOD(group, "onConnection", onConnection<isServer>);
                                                                      ^
../src/addon.h:442:64: error: no matching function for call to ‘SetMethod(v8::Local<v8::Object>&, const char [10], <unresolved overloaded function type>)’
         NODE_SET_METHOD(group, "onMessage", onMessage<isServer>);
                                                                ^
../src/addon.h:442:64: note: candidate is:
In file included from ../src/addon.h:1:0,
                 from ../src/addon.cpp:2:
/usr/include/node/node.h:112:6: note: template<class target_t> void node::SetMethod(target_t, const char*, v8::InvocationCallback)
 void SetMethod(target_t obj, const char* name,
      ^
/usr/include/node/node.h:112:6: note:   template argument deduction/substitution failed:
In file included from ../src/addon.cpp:2:0:
../src/addon.h:442:64: note:   cannot convert ‘onMessage<true>’ (type ‘<unresolved overloaded function type>’) to type ‘v8::InvocationCallback {aka v8::Handle<v8::Value> (*)(const v8::Arguments&)}’
         NODE_SET_METHOD(group, "onMessage", onMessage<isServer>);
                                                                ^
../src/addon.h:443:76: error: no matching function for call to ‘SetMethod(v8::Local<v8::Object>&, const char [16], <unresolved overloaded function type>)’
         NODE_SET_METHOD(group, "onDisconnection", onDisconnection<isServer>);
                                                                            ^
../src/addon.h:443:76: note: candidate is:
In file included from ../src/addon.h:1:0,
                 from ../src/addon.cpp:2:
/usr/include/node/node.h:112:6: note: template<class target_t> void node::SetMethod(target_t, const char*, v8::InvocationCallback)
 void SetMethod(target_t obj, const char* name,
      ^
/usr/include/node/node.h:112:6: note:   template argument deduction/substitution failed:
In file included from ../src/addon.cpp:2:0:
../src/addon.h:443:76: note:   cannot convert ‘onDisconnection<true>’ (type ‘<unresolved overloaded function type>’) to type ‘v8::InvocationCallback {aka v8::Handle<v8::Value> (*)(const v8::Arguments&)}’
         NODE_SET_METHOD(group, "onDisconnection", onDisconnection<isServer>);
                                                                            ^
../src/addon.h:454:58: error: no matching function for call to ‘SetMethod(v8::Local<v8::Object>&, const char [7], <unresolved overloaded function type>)’
         NODE_SET_METHOD(group, "onPing", onPing<isServer>);
                                                          ^
../src/addon.h:454:58: note: candidate is:
In file included from ../src/addon.h:1:0,
                 from ../src/addon.cpp:2:
/usr/include/node/node.h:112:6: note: template<class target_t> void node::SetMethod(target_t, const char*, v8::InvocationCallback)
 void SetMethod(target_t obj, const char* name,
      ^
/usr/include/node/node.h:112:6: note:   template argument deduction/substitution failed:
In file included from ../src/addon.cpp:2:0:
../src/addon.h:454:58: note:   cannot convert ‘onPing<true>’ (type ‘<unresolved overloaded function type>’) to type ‘v8::InvocationCallback {aka v8::Handle<v8::Value> (*)(const v8::Arguments&)}’
         NODE_SET_METHOD(group, "onPing", onPing<isServer>);
                                                          ^
../src/addon.h:455:58: error: no matching function for call to ‘SetMethod(v8::Local<v8::Object>&, const char [7], <unresolved overloaded function type>)’
         NODE_SET_METHOD(group, "onPong", onPong<isServer>);
                                                          ^
../src/addon.h:455:58: note: candidate is:
In file included from ../src/addon.h:1:0,
                 from ../src/addon.cpp:2:
/usr/include/node/node.h:112:6: note: template<class target_t> void node::SetMethod(target_t, const char*, v8::InvocationCallback)
 void SetMethod(target_t obj, const char* name,
      ^
/usr/include/node/node.h:112:6: note:   template argument deduction/substitution failed:
In file included from ../src/addon.cpp:2:0:
../src/addon.h:455:58: note:   cannot convert ‘onPong<true>’ (type ‘<unresolved overloaded function type>’) to type ‘v8::InvocationCallback {aka v8::Handle<v8::Value> (*)(const v8::Arguments&)}’
         NODE_SET_METHOD(group, "onPong", onPong<isServer>);
                                                          ^
../src/addon.h:456:63: error: no matching function for call to ‘SetMethod(v8::Local<v8::Object>&, const char [7], <unresolved overloaded function type>)’
         NODE_SET_METHOD(group, "create", createGroup<isServer>);
                                                               ^
../src/addon.h:456:63: note: candidate is:
In file included from ../src/addon.h:1:0,
                 from ../src/addon.cpp:2:
/usr/include/node/node.h:112:6: note: template<class target_t> void node::SetMethod(target_t, const char*, v8::InvocationCallback)
 void SetMethod(target_t obj, const char* name,
      ^
/usr/include/node/node.h:112:6: note:   template argument deduction/substitution failed:
In file included from ../src/addon.cpp:2:0:
../src/addon.h:456:63: note:   cannot convert ‘createGroup<true>’ (type ‘<unresolved overloaded function type>’) to type ‘v8::InvocationCallback {aka v8::Handle<v8::Value> (*)(const v8::Arguments&)}’
         NODE_SET_METHOD(group, "create", createGroup<isServer>);
                                                               ^
../src/addon.h:457:63: error: no matching function for call to ‘SetMethod(v8::Local<v8::Object>&, const char [7], <unresolved overloaded function type>)’
         NODE_SET_METHOD(group, "delete", deleteGroup<isServer>);
                                                               ^
../src/addon.h:457:63: note: candidate is:
In file included from ../src/addon.h:1:0,
                 from ../src/addon.cpp:2:
/usr/include/node/node.h:112:6: note: template<class target_t> void node::SetMethod(target_t, const char*, v8::InvocationCallback)
 void SetMethod(target_t obj, const char* name,
      ^
/usr/include/node/node.h:112:6: note:   template argument deduction/substitution failed:
In file included from ../src/addon.cpp:2:0:
../src/addon.h:457:63: note:   cannot convert ‘deleteGroup<true>’ (type ‘<unresolved overloaded function type>’) to type ‘v8::InvocationCallback {aka v8::Handle<v8::Value> (*)(const v8::Arguments&)}’
         NODE_SET_METHOD(group, "delete", deleteGroup<isServer>);
                                                               ^
../src/addon.h:458:61: error: no matching function for call to ‘SetMethod(v8::Local<v8::Object>&, const char [6], <unresolved overloaded function type>)’
         NODE_SET_METHOD(group, "close", closeGroup<isServer>);
                                                             ^
../src/addon.h:458:61: note: candidate is:
In file included from ../src/addon.h:1:0,
                 from ../src/addon.cpp:2:
/usr/include/node/node.h:112:6: note: template<class target_t> void node::SetMethod(target_t, const char*, v8::InvocationCallback)
 void SetMethod(target_t obj, const char* name,
      ^
/usr/include/node/node.h:112:6: note:   template argument deduction/substitution failed:
In file included from ../src/addon.cpp:2:0:
../src/addon.h:458:61: note:   cannot convert ‘closeGroup<true>’ (type ‘<unresolved overloaded function type>’) to type ‘v8::InvocationCallback {aka v8::Handle<v8::Value> (*)(const v8::Arguments&)}’
         NODE_SET_METHOD(group, "close", closeGroup<isServer>);
                                                             ^
../src/addon.h:459:69: error: no matching function for call to ‘SetMethod(v8::Local<v8::Object>&, const char [10], <unresolved overloaded function type>)’
         NODE_SET_METHOD(group, "terminate", terminateGroup<isServer>);
                                                                     ^
../src/addon.h:459:69: note: candidate is:
In file included from ../src/addon.h:1:0,
                 from ../src/addon.cpp:2:
/usr/include/node/node.h:112:6: note: template<class target_t> void node::SetMethod(target_t, const char*, v8::InvocationCallback)
 void SetMethod(target_t obj, const char* name,
      ^
/usr/include/node/node.h:112:6: note:   template argument deduction/substitution failed:
In file included from ../src/addon.cpp:2:0:
../src/addon.h:459:69: note:   cannot convert ‘terminateGroup<true>’ (type ‘<unresolved overloaded function type>’) to type ‘v8::InvocationCallback {aka v8::Handle<v8::Value> (*)(const v8::Arguments&)}’
         NODE_SET_METHOD(group, "terminate", terminateGroup<isServer>);
                                                                     ^
../src/addon.h:460:64: error: no matching function for call to ‘SetMethod(v8::Local<v8::Object>&, const char [10], <unresolved overloaded function type>)’
         NODE_SET_METHOD(group, "broadcast", broadcast<isServer>);
                                                                ^
../src/addon.h:460:64: note: candidate is:
In file included from ../src/addon.h:1:0,
                 from ../src/addon.cpp:2:
/usr/include/node/node.h:112:6: note: template<class target_t> void node::SetMethod(target_t, const char*, v8::InvocationCallback)
 void SetMethod(target_t obj, const char* name,
      ^
/usr/include/node/node.h:112:6: note:   template argument deduction/substitution failed:
In file included from ../src/addon.cpp:2:0:
../src/addon.h:460:64: note:   cannot convert ‘broadcast<true>’ (type ‘<unresolved overloaded function type>’) to type ‘v8::InvocationCallback {aka v8::Handle<v8::Value> (*)(const v8::Arguments&)}’
         NODE_SET_METHOD(group, "broadcast", broadcast<isServer>);
                                                                ^
../src/addon.h: In instantiation of ‘Namespace<isServer>::Namespace(v8::Isolate*) [with bool isServer = false]’:
../src/addon.cpp:9:88:   required from here
../src/addon.h:433:55: error: no matching function for call to ‘SetMethod(v8::Local<v8::Object>&, const char [5], <unresolved overloaded function type>)’
         NODE_SET_METHOD(object, "send", send<isServer>);
                                                       ^
../src/addon.h:433:55: note: candidate is:
In file included from ../src/addon.h:1:0,
                 from ../src/addon.cpp:2:
/usr/include/node/node.h:112:6: note: template<class target_t> void node::SetMethod(target_t, const char*, v8::InvocationCallback)
 void SetMethod(target_t obj, const char* name,
      ^
/usr/include/node/node.h:112:6: note:   template argument deduction/substitution failed:
In file included from ../src/addon.cpp:2:0:
../src/addon.h:433:55: note:   cannot convert ‘send<false>’ (type ‘<unresolved overloaded function type>’) to type ‘v8::InvocationCallback {aka v8::Handle<v8::Value> (*)(const v8::Arguments&)}’
         NODE_SET_METHOD(object, "send", send<isServer>);
                                                       ^
../src/addon.h:434:63: error: no matching function for call to ‘SetMethod(v8::Local<v8::Object>&, const char [6], <unresolved overloaded function type>)’
         NODE_SET_METHOD(object, "close", closeSocket<isServer>);
                                                               ^
../src/addon.h:434:63: note: candidate is:
In file included from ../src/addon.h:1:0,
                 from ../src/addon.cpp:2:
/usr/include/node/node.h:112:6: note: template<class target_t> void node::SetMethod(target_t, const char*, v8::InvocationCallback)
 void SetMethod(target_t obj, const char* name,
      ^
/usr/include/node/node.h:112:6: note:   template argument deduction/substitution failed:
In file included from ../src/addon.cpp:2:0:
../src/addon.h:434:63: note:   cannot convert ‘closeSocket<false>’ (type ‘<unresolved overloaded function type>’) to type ‘v8::InvocationCallback {aka v8::Handle<v8::Value> (*)(const v8::Arguments&)}’
         NODE_SET_METHOD(object, "close", closeSocket<isServer>);
                                                               ^
../src/addon.h:435:71: error: no matching function for call to ‘SetMethod(v8::Local<v8::Object>&, const char [10], <unresolved overloaded function type>)’
         NODE_SET_METHOD(object, "terminate", terminateSocket<isServer>);
                                                                       ^
../src/addon.h:435:71: note: candidate is:
In file included from ../src/addon.h:1:0,
                 from ../src/addon.cpp:2:
/usr/include/node/node.h:112:6: note: template<class target_t> void node::SetMethod(target_t, const char*, v8::InvocationCallback)
 void SetMethod(target_t obj, const char* name,
      ^
/usr/include/node/node.h:112:6: note:   template argument deduction/substitution failed:
In file included from ../src/addon.cpp:2:0:
../src/addon.h:435:71: note:   cannot convert ‘terminateSocket<false>’ (type ‘<unresolved overloaded function type>’) to type ‘v8::InvocationCallback {aka v8::Handle<v8::Value> (*)(const v8::Arguments&)}’
         NODE_SET_METHOD(object, "terminate", terminateSocket<isServer>);
                                                                       ^
../src/addon.h:436:75: error: no matching function for call to ‘SetMethod(v8::Local<v8::Object>&, const char [15], <unresolved overloaded function type>)’
         NODE_SET_METHOD(object, "prepareMessage", prepareMessage<isServer>);
                                                                           ^
../src/addon.h:436:75: note: candidate is:
In file included from ../src/addon.h:1:0,
                 from ../src/addon.cpp:2:
/usr/include/node/node.h:112:6: note: template<class target_t> void node::SetMethod(target_t, const char*, v8::InvocationCallback)
 void SetMethod(target_t obj, const char* name,
      ^
/usr/include/node/node.h:112:6: note:   template argument deduction/substitution failed:
In file included from ../src/addon.cpp:2:0:
../src/addon.h:436:75: note:   cannot convert ‘prepareMessage<false>’ (type ‘<unresolved overloaded function type>’) to type ‘v8::InvocationCallback {aka v8::Handle<v8::Value> (*)(const v8::Arguments&)}’
         NODE_SET_METHOD(object, "prepareMessage", prepareMessage<isServer>);
                                                                           ^
../src/addon.h:437:71: error: no matching function for call to ‘SetMethod(v8::Local<v8::Object>&, const char [13], <unresolved overloaded function type>)’
         NODE_SET_METHOD(object, "sendPrepared", sendPrepared<isServer>);
                                                                       ^
../src/addon.h:437:71: note: candidate is:
In file included from ../src/addon.h:1:0,
                 from ../src/addon.cpp:2:
/usr/include/node/node.h:112:6: note: template<class target_t> void node::SetMethod(target_t, const char*, v8::InvocationCallback)
 void SetMethod(target_t obj, const char* name,
      ^
/usr/include/node/node.h:112:6: note:   template argument deduction/substitution failed:
In file included from ../src/addon.cpp:2:0:
../src/addon.h:437:71: note:   cannot convert ‘sendPrepared<false>’ (type ‘<unresolved overloaded function type>’) to type ‘v8::InvocationCallback {aka v8::Handle<v8::Value> (*)(const v8::Arguments&)}’
         NODE_SET_METHOD(object, "sendPrepared", sendPrepared<isServer>);
                                                                       ^
../src/addon.h:438:77: error: no matching function for call to ‘SetMethod(v8::Local<v8::Object>&, const char [16], <unresolved overloaded function type>)’
         NODE_SET_METHOD(object, "finalizeMessage", finalizeMessage<isServer>);
                                                                             ^
../src/addon.h:438:77: note: candidate is:
In file included from ../src/addon.h:1:0,
                 from ../src/addon.cpp:2:
/usr/include/node/node.h:112:6: note: template<class target_t> void node::SetMethod(target_t, const char*, v8::InvocationCallback)
 void SetMethod(target_t obj, const char* name,
      ^
/usr/include/node/node.h:112:6: note:   template argument deduction/substitution failed:
In file included from ../src/addon.cpp:2:0:
../src/addon.h:438:77: note:   cannot convert ‘finalizeMessage<false>’ (type ‘<unresolved overloaded function type>’) to type ‘v8::InvocationCallback {aka v8::Handle<v8::Value> (*)(const v8::Arguments&)}’
         NODE_SET_METHOD(object, "finalizeMessage", finalizeMessage<isServer>);
                                                                             ^
../src/addon.h:441:70: error: no matching function for call to ‘SetMethod(v8::Local<v8::Object>&, const char [13], <unresolved overloaded function type>)’
         NODE_SET_METHOD(group, "onConnection", onConnection<isServer>);
                                                                      ^
../src/addon.h:441:70: note: candidate is:
In file included from ../src/addon.h:1:0,
                 from ../src/addon.cpp:2:
/usr/include/node/node.h:112:6: note: template<class target_t> void node::SetMethod(target_t, const char*, v8::InvocationCallback)
 void SetMethod(target_t obj, const char* name,
      ^
/usr/include/node/node.h:112:6: note:   template argument deduction/substitution failed:
In file included from ../src/addon.cpp:2:0:
../src/addon.h:441:70: note:   cannot convert ‘onConnection<false>’ (type ‘<unresolved overloaded function type>’) to type ‘v8::InvocationCallback {aka v8::Handle<v8::Value> (*)(const v8::Arguments&)}’
         NODE_SET_METHOD(group, "onConnection", onConnection<isServer>);
                                                                      ^
../src/addon.h:442:64: error: no matching function for call to ‘SetMethod(v8::Local<v8::Object>&, const char [10], <unresolved overloaded function type>)’
         NODE_SET_METHOD(group, "onMessage", onMessage<isServer>);
                                                                ^
../src/addon.h:442:64: note: candidate is:
In file included from ../src/addon.h:1:0,
                 from ../src/addon.cpp:2:
/usr/include/node/node.h:112:6: note: template<class target_t> void node::SetMethod(target_t, const char*, v8::InvocationCallback)
 void SetMethod(target_t obj, const char* name,
      ^
/usr/include/node/node.h:112:6: note:   template argument deduction/substitution failed:
In file included from ../src/addon.cpp:2:0:
../src/addon.h:442:64: note:   cannot convert ‘onMessage<false>’ (type ‘<unresolved overloaded function type>’) to type ‘v8::InvocationCallback {aka v8::Handle<v8::Value> (*)(const v8::Arguments&)}’
         NODE_SET_METHOD(group, "onMessage", onMessage<isServer>);
                                                                ^
../src/addon.h:443:76: error: no matching function for call to ‘SetMethod(v8::Local<v8::Object>&, const char [16], <unresolved overloaded function type>)’
         NODE_SET_METHOD(group, "onDisconnection", onDisconnection<isServer>);
                                                                            ^
../src/addon.h:443:76: note: candidate is:
In file included from ../src/addon.h:1:0,
                 from ../src/addon.cpp:2:
/usr/include/node/node.h:112:6: note: template<class target_t> void node::SetMethod(target_t, const char*, v8::InvocationCallback)
 void SetMethod(target_t obj, const char* name,
      ^
/usr/include/node/node.h:112:6: note:   template argument deduction/substitution failed:
In file included from ../src/addon.cpp:2:0:
../src/addon.h:443:76: note:   cannot convert ‘onDisconnection<false>’ (type ‘<unresolved overloaded function type>’) to type ‘v8::InvocationCallback {aka v8::Handle<v8::Value> (*)(const v8::Arguments&)}’
         NODE_SET_METHOD(group, "onDisconnection", onDisconnection<isServer>);
                                                                            ^
../src/addon.h:454:58: error: no matching function for call to ‘SetMethod(v8::Local<v8::Object>&, const char [7], <unresolved overloaded function type>)’
         NODE_SET_METHOD(group, "onPing", onPing<isServer>);
                                                          ^
../src/addon.h:454:58: note: candidate is:
In file included from ../src/addon.h:1:0,
                 from ../src/addon.cpp:2:
/usr/include/node/node.h:112:6: note: template<class target_t> void node::SetMethod(target_t, const char*, v8::InvocationCallback)
 void SetMethod(target_t obj, const char* name,
      ^
/usr/include/node/node.h:112:6: note:   template argument deduction/substitution failed:
In file included from ../src/addon.cpp:2:0:
../src/addon.h:454:58: note:   cannot convert ‘onPing<false>’ (type ‘<unresolved overloaded function type>’) to type ‘v8::InvocationCallback {aka v8::Handle<v8::Value> (*)(const v8::Arguments&)}’
         NODE_SET_METHOD(group, "onPing", onPing<isServer>);
                                                          ^
../src/addon.h:455:58: error: no matching function for call to ‘SetMethod(v8::Local<v8::Object>&, const char [7], <unresolved overloaded function type>)’
         NODE_SET_METHOD(group, "onPong", onPong<isServer>);
                                                          ^
../src/addon.h:455:58: note: candidate is:
In file included from ../src/addon.h:1:0,
                 from ../src/addon.cpp:2:
/usr/include/node/node.h:112:6: note: template<class target_t> void node::SetMethod(target_t, const char*, v8::InvocationCallback)
 void SetMethod(target_t obj, const char* name,
      ^
/usr/include/node/node.h:112:6: note:   template argument deduction/substitution failed:
In file included from ../src/addon.cpp:2:0:
../src/addon.h:455:58: note:   cannot convert ‘onPong<false>’ (type ‘<unresolved overloaded function type>’) to type ‘v8::InvocationCallback {aka v8::Handle<v8::Value> (*)(const v8::Arguments&)}’
         NODE_SET_METHOD(group, "onPong", onPong<isServer>);
                                                          ^
../src/addon.h:456:63: error: no matching function for call to ‘SetMethod(v8::Local<v8::Object>&, const char [7], <unresolved overloaded function type>)’
         NODE_SET_METHOD(group, "create", createGroup<isServer>);
                                                               ^
../src/addon.h:456:63: note: candidate is:
In file included from ../src/addon.h:1:0,
                 from ../src/addon.cpp:2:
/usr/include/node/node.h:112:6: note: template<class target_t> void node::SetMethod(target_t, const char*, v8::InvocationCallback)
 void SetMethod(target_t obj, const char* name,
      ^
/usr/include/node/node.h:112:6: note:   template argument deduction/substitution failed:
In file included from ../src/addon.cpp:2:0:
../src/addon.h:456:63: note:   cannot convert ‘createGroup<false>’ (type ‘<unresolved overloaded function type>’) to type ‘v8::InvocationCallback {aka v8::Handle<v8::Value> (*)(const v8::Arguments&)}’
         NODE_SET_METHOD(group, "create", createGroup<isServer>);
                                                               ^
../src/addon.h:457:63: error: no matching function for call to ‘SetMethod(v8::Local<v8::Object>&, const char [7], <unresolved overloaded function type>)’
         NODE_SET_METHOD(group, "delete", deleteGroup<isServer>);
                                                               ^
../src/addon.h:457:63: note: candidate is:
In file included from ../src/addon.h:1:0,
                 from ../src/addon.cpp:2:
/usr/include/node/node.h:112:6: note: template<class target_t> void node::SetMethod(target_t, const char*, v8::InvocationCallback)
 void SetMethod(target_t obj, const char* name,
      ^
/usr/include/node/node.h:112:6: note:   template argument deduction/substitution failed:
In file included from ../src/addon.cpp:2:0:
../src/addon.h:457:63: note:   cannot convert ‘deleteGroup<false>’ (type ‘<unresolved overloaded function type>’) to type ‘v8::InvocationCallback {aka v8::Handle<v8::Value> (*)(const v8::Arguments&)}’
         NODE_SET_METHOD(group, "delete", deleteGroup<isServer>);
                                                               ^
../src/addon.h:458:61: error: no matching function for call to ‘SetMethod(v8::Local<v8::Object>&, const char [6], <unresolved overloaded function type>)’
         NODE_SET_METHOD(group, "close", closeGroup<isServer>);
                                                             ^
../src/addon.h:458:61: note: candidate is:
In file included from ../src/addon.h:1:0,
                 from ../src/addon.cpp:2:
/usr/include/node/node.h:112:6: note: template<class target_t> void node::SetMethod(target_t, const char*, v8::InvocationCallback)
 void SetMethod(target_t obj, const char* name,
      ^
/usr/include/node/node.h:112:6: note:   template argument deduction/substitution failed:
In file included from ../src/addon.cpp:2:0:
../src/addon.h:458:61: note:   cannot convert ‘closeGroup<false>’ (type ‘<unresolved overloaded function type>’) to type ‘v8::InvocationCallback {aka v8::Handle<v8::Value> (*)(const v8::Arguments&)}’
         NODE_SET_METHOD(group, "close", closeGroup<isServer>);
                                                             ^
../src/addon.h:459:69: error: no matching function for call to ‘SetMethod(v8::Local<v8::Object>&, const char [10], <unresolved overloaded function type>)’
         NODE_SET_METHOD(group, "terminate", terminateGroup<isServer>);
                                                                     ^
../src/addon.h:459:69: note: candidate is:
In file included from ../src/addon.h:1:0,
                 from ../src/addon.cpp:2:
/usr/include/node/node.h:112:6: note: template<class target_t> void node::SetMethod(target_t, const char*, v8::InvocationCallback)
 void SetMethod(target_t obj, const char* name,
      ^
/usr/include/node/node.h:112:6: note:   template argument deduction/substitution failed:
In file included from ../src/addon.cpp:2:0:
../src/addon.h:459:69: note:   cannot convert ‘terminateGroup<false>’ (type ‘<unresolved overloaded function type>’) to type ‘v8::InvocationCallback {aka v8::Handle<v8::Value> (*)(const v8::Arguments&)}’
         NODE_SET_METHOD(group, "terminate", terminateGroup<isServer>);
                                                                     ^
../src/addon.h:460:64: error: no matching function for call to ‘SetMethod(v8::Local<v8::Object>&, const char [10], <unresolved overloaded function type>)’
         NODE_SET_METHOD(group, "broadcast", broadcast<isServer>);
                                                                ^
../src/addon.h:460:64: note: candidate is:
In file included from ../src/addon.h:1:0,
                 from ../src/addon.cpp:2:
/usr/include/node/node.h:112:6: note: template<class target_t> void node::SetMethod(target_t, const char*, v8::InvocationCallback)
 void SetMethod(target_t obj, const char* name,
      ^
/usr/include/node/node.h:112:6: note:   template argument deduction/substitution failed:
In file included from ../src/addon.cpp:2:0:
../src/addon.h:460:64: note:   cannot convert ‘broadcast<false>’ (type ‘<unresolved overloaded function type>’) to type ‘v8::InvocationCallback {aka v8::Handle<v8::Value> (*)(const v8::Arguments&)}’
         NODE_SET_METHOD(group, "broadcast", broadcast<isServer>);
                                                                ^
../src/addon.h: In function ‘v8::Local<v8::Value> getDataV8(uWS::WebSocket<isServer>*, v8::Isolate*) [with bool isServer = true]’:
../src/addon.h:108:1: warning: control reaches end of non-void function [-Wreturn-type]
 }
 ^
make: *** [Release/obj.target/uws/src/addon.o] 오류 1
make: Leaving directory `/var/www/html/node_modules/socket.io/node_modules/engine.io/node_modules/uws/build'
gyp ERR! build error 
gyp ERR! stack Error: `make` failed with exit code: 2
gyp ERR! stack     at ChildProcess.onExit (/usr/lib/node_modules/node-gyp/lib/build.js:267:23)
gyp ERR! stack     at ChildProcess.emit (events.js:98:17)
gyp ERR! stack     at Process.ChildProcess._handle.onexit (child_process.js:820:12)
gyp ERR! System Linux 4.9.70-22.55.amzn1.x86_64
gyp ERR! command "node" "/usr/lib/node_modules/npm/node_modules/node-gyp/bin/node-gyp.js" "rebuild"
gyp ERR! cwd /var/www/html/node_modules/socket.io/node_modules/engine.io/node_modules/uws
gyp ERR! node -v v0.10.48
gyp ERR! node-gyp -v v0.10.6
gyp ERR! not ok 
